#
# There is insufficient memory for the Java Runtime Environment to continue.
# Native memory allocation (mmap) failed to map 610271232 bytes for Failed to commit area from 0x0000000092300000 to 0x00000000b6900000 of length 610271232.
# Possible reasons:
#   The system is out of physical RAM or swap space
#   The process is running with CompressedOops enabled, and the Java Heap may be blocking the growth of the native heap
# Possible solutions:
#   Reduce memory load on the system
#   Increase physical memory or swap space
#   Check if swap backing store is full
#   Decrease Java heap size (-Xmx/-Xms)
#   Decrease number of Java threads
#   Decrease Java thread stack sizes (-Xss)
#   Set larger code cache with -XX:ReservedCodeCacheSize=
#   JVM is running with Unscaled Compressed Oops mode in which the Java heap is
#     placed in the first 4GB address space. The Java Heap base address is the
#     maximum limit for the native heap growth. Please use -XX:HeapBaseMinAddress
#     to set the Java Heap base and to place the Java Heap above 4GB virtual address.
# This output file may be truncated or incomplete.
#
#  Out of Memory Error (./src/hotspot/os/windows/os_windows.cpp:3301), pid=1576, tid=11048
#
# JRE version: OpenJDK Runtime Environment (11.0.10) (build 11.0.10+0-b96-7249189)
# Java VM: OpenJDK 64-Bit Server VM (11.0.10+0-b96-7249189, mixed mode, tiered, compressed oops, g1 gc, windows-amd64)
# No core dump will be written. Minidumps are not enabled by default on client versions of Windows
#

---------------  S U M M A R Y ------------

Command Line: --add-opens=java.base/java.util=ALL-UNNAMED --add-opens=java.base/java.lang=ALL-UNNAMED --add-opens=java.base/java.lang.invoke=ALL-UNNAMED --add-opens=java.base/java.util=ALL-UNNAMED --add-opens=java.prefs/java.util.prefs=ALL-UNNAMED --add-opens=java.prefs/java.util.prefs=ALL-UNNAMED --add-opens=java.base/java.nio.charset=ALL-UNNAMED --add-opens=java.base/java.net=ALL-UNNAMED --add-opens=java.base/java.util.concurrent.atomic=ALL-UNNAMED -Xmx2048m -Dfile.encoding=UTF-8 -Duser.country=BR -Duser.language=pt -Duser.variant org.gradle.launcher.daemon.bootstrap.GradleDaemon 7.0.2

Host: Intel(R) Core(TM) i5-7500 CPU @ 3.40GHz, 4 cores, 7G,  Windows 10 , 64 bit Build 17134 (10.0.17134.753)
Time: Wed May 11 22:36:34 2022 Hora oficial do Brasil elapsed time: 159.313960 seconds (0d 0h 2m 39s)

---------------  T H R E A D  ---------------

Current thread (0x00000208b97da000):  VMThread "VM Thread" [stack: 0x0000000a55600000,0x0000000a55700000] [id=11048]

Stack: [0x0000000a55600000,0x0000000a55700000]
[error occurred during error reporting (printing stack bounds), id 0xc0000005, EXCEPTION_ACCESS_VIOLATION (0xc0000005) at pc=0x00000208a36e0f2d]

Native frames: (J=compiled Java code, j=interpreted, Vv=VM code, C=native code)
V  [jvm.dll+0x5ecfaa]
V  [jvm.dll+0x722bd5]
V  [jvm.dll+0x72412d]
V  [jvm.dll+0x724745]
V  [jvm.dll+0x7246fb]
V  [jvm.dll+0x5ec348]
V  [jvm.dll+0x5ecad8]
C  [ntdll.dll+0x9f7dd]
C  [ntdll.dll+0xd856]
C  [ntdll.dll+0x9e70e]
C  0x00000208a36e0f2d

VM_Operation (0x0000000a594fd2b0): G1CollectForAllocation, mode: safepoint, requested by thread 0x00000208c3e6c000


---------------  P R O C E S S  ---------------

Threads class SMR info:
_java_thread_list=0x00000208c27a5be0, length=64, elements={
0x000002089fbfc000, 0x00000208b97de800, 0x00000208b97e3000, 0x00000208b9816000,
0x00000208b9817000, 0x00000208ba175800, 0x00000208ba176000, 0x00000208ba178000,
0x00000208ba17d800, 0x00000208ba2e1000, 0x00000208bc4be000, 0x00000208bc234000,
0x00000208bdcb6800, 0x00000208bc71d800, 0x00000208bd558000, 0x00000208baffe800,
0x00000208ba8cc000, 0x00000208bc372800, 0x00000208bc376800, 0x00000208bc379000,
0x00000208bc377000, 0x00000208bc375000, 0x00000208bc374000, 0x00000208bc373000,
0x00000208bc375800, 0x00000208bdcdf000, 0x00000208bdcde000, 0x00000208bdcd9000,
0x00000208bdcdf800, 0x00000208bdcda000, 0x00000208bdcdc800, 0x00000208bdcdd800,
0x00000208bdcdb000, 0x00000208bdce4800, 0x00000208bdce1800, 0x00000208bdce6000,
0x00000208bdce8000, 0x00000208bdce7000, 0x00000208bdce4000, 0x00000208bdce2000,
0x00000208bdce3000, 0x00000208bc378000, 0x00000208c3e5f000, 0x00000208c3e62800,
0x00000208c3e61800, 0x00000208c3e5d800, 0x00000208c3e60000, 0x00000208c3e5e800,
0x00000208c3e6a800, 0x00000208c3e69000, 0x00000208c3e65000, 0x00000208c3e66800,
0x00000208c3e60800, 0x00000208c3e69800, 0x00000208c3e6b800, 0x00000208c3e68000,
0x00000208c3e65800, 0x00000208c3e6c000, 0x00000208c042b800, 0x00000208c0428800,
0x00000208c0427000, 0x00000208c042d800, 0x00000208c0429000, 0x00000208babec000
}

Java Threads: ( => current thread )
  0x000002089fbfc000 JavaThread "main" [_thread_blocked, id=6392, stack(0x0000000a55000000,0x0000000a55100000)]
  0x00000208b97de800 JavaThread "Reference Handler" daemon [_thread_blocked, id=2180, stack(0x0000000a55700000,0x0000000a55800000)]
  0x00000208b97e3000 JavaThread "Finalizer" daemon [_thread_blocked, id=9908, stack(0x0000000a55800000,0x0000000a55900000)]
  0x00000208b9816000 JavaThread "Signal Dispatcher" daemon [_thread_blocked, id=5112, stack(0x0000000a55900000,0x0000000a55a00000)]
  0x00000208b9817000 JavaThread "Attach Listener" daemon [_thread_blocked, id=2484, stack(0x0000000a55a00000,0x0000000a55b00000)]
  0x00000208ba175800 JavaThread "Service Thread" daemon [_thread_blocked, id=5364, stack(0x0000000a55b00000,0x0000000a55c00000)]
  0x00000208ba176000 JavaThread "C2 CompilerThread0" daemon [_thread_blocked, id=3056, stack(0x0000000a55c00000,0x0000000a55d00000)]
  0x00000208ba178000 JavaThread "C1 CompilerThread0" daemon [_thread_blocked, id=4456, stack(0x0000000a55d00000,0x0000000a55e00000)]
  0x00000208ba17d800 JavaThread "Sweeper thread" daemon [_thread_blocked, id=3588, stack(0x0000000a55e00000,0x0000000a55f00000)]
  0x00000208ba2e1000 JavaThread "Common-Cleaner" daemon [_thread_blocked, id=9860, stack(0x0000000a55f00000,0x0000000a56000000)]
  0x00000208bc4be000 JavaThread "Daemon health stats" [_thread_blocked, id=9712, stack(0x0000000a56400000,0x0000000a56500000)]
  0x00000208bc234000 JavaThread "Incoming local TCP Connector on port 51849" [_thread_in_native, id=10428, stack(0x0000000a56500000,0x0000000a56600000)]
  0x00000208bdcb6800 JavaThread "Daemon periodic checks" [_thread_blocked, id=9456, stack(0x0000000a56600000,0x0000000a56700000)]
  0x00000208bc71d800 JavaThread "Daemon" [_thread_blocked, id=10812, stack(0x0000000a56700000,0x0000000a56800000)]
  0x00000208bd558000 JavaThread "Handler for socket connection from /127.0.0.1:51849 to /127.0.0.1:51850" [_thread_in_native, id=7240, stack(0x0000000a56800000,0x0000000a56900000)]
  0x00000208baffe800 JavaThread "Cancel handler" [_thread_blocked, id=4452, stack(0x0000000a56900000,0x0000000a56a00000)]
  0x00000208ba8cc000 JavaThread "Daemon worker" [_thread_blocked, id=2624, stack(0x0000000a56a00000,0x0000000a56b00000)]
  0x00000208bc372800 JavaThread "Asynchronous log dispatcher for DefaultDaemonConnection: socket connection from /127.0.0.1:51849 to /127.0.0.1:51850" [_thread_blocked, id=10384, stack(0x0000000a56b00000,0x0000000a56c00000)]
  0x00000208bc376800 JavaThread "Daemon client event forwarder" [_thread_blocked, id=4964, stack(0x0000000a56d00000,0x0000000a56e00000)]
  0x00000208bc379000 JavaThread "Cache worker for file hash cache (D:\.android\.gradle\caches\7.0.2\fileHashes)" [_thread_blocked, id=4352, stack(0x0000000a56100000,0x0000000a56200000)]
  0x00000208bc377000 JavaThread "File lock request listener" [_thread_in_native, id=7472, stack(0x0000000a56e00000,0x0000000a56f00000)]
  0x00000208bc375000 JavaThread "Cache worker for journal cache (D:\.android\.gradle\caches\journal-1)" [_thread_blocked, id=10884, stack(0x0000000a57000000,0x0000000a57100000)]
  0x00000208bc374000 JavaThread "Cache worker for file hash cache (D:\Affirmations\.gradle\7.0.2\fileHashes)" [_thread_blocked, id=3528, stack(0x0000000a57100000,0x0000000a57200000)]
  0x00000208bc373000 JavaThread "File watcher server" daemon [_thread_blocked, id=7676, stack(0x0000000a57200000,0x0000000a57300000)]
  0x00000208bc375800 JavaThread "File watcher consumer" daemon [_thread_blocked, id=10644, stack(0x0000000a57300000,0x0000000a57400000)]
  0x00000208bdcdf000 JavaThread "Cache worker for checksums cache (D:\Affirmations\.gradle\checksums)" [_thread_blocked, id=8588, stack(0x0000000a57400000,0x0000000a57500000)]
  0x00000208bdcde000 JavaThread "Cache worker for cache directory md-supplier (D:\.android\.gradle\caches\7.0.2\md-supplier)" [_thread_blocked, id=10616, stack(0x0000000a57500000,0x0000000a57600000)]
  0x00000208bdcd9000 JavaThread "Cache worker for cache directory md-rule (D:\.android\.gradle\caches\7.0.2\md-rule)" [_thread_blocked, id=8744, stack(0x0000000a57600000,0x0000000a57700000)]
  0x00000208bdcdf800 JavaThread "Cache worker for execution history cache (D:\.android\.gradle\caches\7.0.2\executionHistory)" [_thread_blocked, id=2552, stack(0x0000000a57700000,0x0000000a57800000)]
  0x00000208bdcda000 JavaThread "jar transforms" [_thread_blocked, id=1964, stack(0x0000000a57800000,0x0000000a57900000)]
  0x00000208bdcdc800 JavaThread "jar transforms Thread 2" [_thread_blocked, id=4396, stack(0x0000000a57900000,0x0000000a57a00000)]
  0x00000208bdcdd800 JavaThread "Cache worker for file content cache (D:\.android\.gradle\caches\7.0.2\fileContent)" [_thread_blocked, id=9000, stack(0x0000000a57a00000,0x0000000a57b00000)]
  0x00000208bdcdb000 JavaThread "Cache worker for dependencies-accessors (D:\Affirmations\.gradle\7.0.2\dependencies-accessors)" [_thread_blocked, id=4672, stack(0x0000000a57b00000,0x0000000a57c00000)]
  0x00000208bdce4800 JavaThread "jar transforms Thread 3" [_thread_blocked, id=10572, stack(0x0000000a57c00000,0x0000000a57d00000)]
  0x00000208bdce1800 JavaThread "Cache worker for Build Output Cleanup Cache (D:\Affirmations\.gradle\buildOutputCleanup)" [_thread_blocked, id=6024, stack(0x0000000a57d00000,0x0000000a57e00000)]
  0x00000208bdce6000 JavaThread "Build operations" [_thread_blocked, id=7532, stack(0x0000000a57e00000,0x0000000a57f00000)]
  0x00000208bdce8000 JavaThread "Build operations Thread 2" [_thread_blocked, id=10628, stack(0x0000000a57f00000,0x0000000a58000000)]
  0x00000208bdce7000 JavaThread "Build operations Thread 3" [_thread_blocked, id=10660, stack(0x0000000a58000000,0x0000000a58100000)]
  0x00000208bdce4000 JavaThread "Build operations Thread 4" [_thread_blocked, id=9092, stack(0x0000000a58100000,0x0000000a58200000)]
  0x00000208bdce2000 JavaThread "jar transforms Thread 4" [_thread_blocked, id=9256, stack(0x0000000a58300000,0x0000000a58400000)]
  0x00000208bdce3000 JavaThread "Memory manager" [_thread_blocked, id=2844, stack(0x0000000a58400000,0x0000000a58500000)]
  0x00000208bc378000 JavaThread "build event listener" [_thread_blocked, id=9760, stack(0x0000000a54c00000,0x0000000a54d00000)]
  0x00000208c3e5f000 JavaThread "Execution worker for ':'" [_thread_blocked, id=10252, stack(0x0000000a54d00000,0x0000000a54e00000)]
  0x00000208c3e62800 JavaThread "Execution worker for ':' Thread 2" [_thread_blocked, id=8932, stack(0x0000000a54e00000,0x0000000a54f00000)]
  0x00000208c3e61800 JavaThread "Execution worker for ':' Thread 3" [_thread_blocked, id=428, stack(0x0000000a56c00000,0x0000000a56d00000)]
  0x00000208c3e5d800 JavaThread "Cache worker for execution history cache (D:\Affirmations\.gradle\7.0.2\executionHistory)" [_thread_blocked, id=32, stack(0x0000000a58500000,0x0000000a58600000)]
  0x00000208c3e60000 JavaThread "WorkerExecutor Queue Thread 3" [_thread_blocked, id=6584, stack(0x0000000a58a00000,0x0000000a58b00000)]
  0x00000208c3e5e800 JavaThread "pool-3-thread-1" [_thread_blocked, id=5252, stack(0x0000000a58b00000,0x0000000a58c00000)]
  0x00000208c3e6a800 JavaThread "stderr" [_thread_in_native, id=6160, stack(0x0000000a58c00000,0x0000000a58d00000)]
  0x00000208c3e69000 JavaThread "stdout" [_thread_in_native, id=2176, stack(0x0000000a58d00000,0x0000000a58e00000)]
  0x00000208c3e65000 JavaThread "RMI Scheduler(0)" daemon [_thread_blocked, id=1292, stack(0x0000000a58600000,0x0000000a58700000)]
  0x00000208c3e66800 JavaThread "RMI GC Daemon" daemon [_thread_blocked, id=3432, stack(0x0000000a58e00000,0x0000000a58f00000)]
  0x00000208c3e60800 JavaThread "RMI TCP Accept-0" daemon [_thread_in_native, id=6896, stack(0x0000000a58f00000,0x0000000a59000000)]
  0x00000208c3e69800 JavaThread "RMI Reaper" [_thread_blocked, id=3268, stack(0x0000000a59000000,0x0000000a59100000)]
  0x00000208c3e6b800 JavaThread "RMI TCP Connection(idle)" daemon [_thread_blocked, id=9904, stack(0x0000000a59200000,0x0000000a59300000)]
  0x00000208c3e68000 JavaThread "Cache worker for Java compile cache (D:\.android\.gradle\caches\7.0.2\javaCompile)" [_thread_blocked, id=10392, stack(0x0000000a58900000,0x0000000a58a00000)]
  0x00000208c3e65800 JavaThread "Cache worker for Java compile cache (D:\Affirmations\.gradle\7.0.2\javaCompile)" [_thread_blocked, id=9476, stack(0x0000000a59100000,0x0000000a59200000)]
  0x00000208c3e6c000 JavaThread "WorkerExecutor Queue Thread 4" [_thread_blocked, id=6168, stack(0x0000000a59400000,0x0000000a59500000)]
  0x00000208c042b800 JavaThread "WorkerExecutor Queue Thread 7" [_thread_blocked, id=5352, stack(0x0000000a59300000,0x0000000a59400000)]
  0x00000208c0428800 JavaThread "ForkJoinPool-1-worker-3" daemon [_thread_blocked, id=3996, stack(0x0000000a59700000,0x0000000a59800000)]
  0x00000208c0427000 JavaThread "ForkJoinPool-1-worker-5" daemon [_thread_blocked, id=2524, stack(0x0000000a59800000,0x0000000a59900000)]
  0x00000208c042d800 JavaThread "ForkJoinPool-1-worker-7" daemon [_thread_blocked, id=10936, stack(0x0000000a59900000,0x0000000a59a00000)]
  0x00000208c0429000 JavaThread "ForkJoinPool-1-worker-1" daemon [_thread_blocked, id=9100, stack(0x0000000a59a00000,0x0000000a59b00000)]
  0x00000208babec000 JavaThread "C2 CompilerThread1" daemon [_thread_blocked, id=10708, stack(0x0000000a59600000,0x0000000a59700000)]

Other Threads:
=>0x00000208b97da000 VMThread "VM Thread" [stack: 0x0000000a55600000,0x0000000a55700000] [id=11048]
  0x00000208ba305000 WatcherThread [stack: 0x0000000a56000000,0x0000000a56100000] [id=5260]
  0x000002089fc15000 GCTaskThread "GC Thread#0" [stack: 0x0000000a55100000,0x0000000a55200000] [id=8388]
  0x00000208ba529000 GCTaskThread "GC Thread#1" [stack: 0x0000000a56200000,0x0000000a56300000] [id=7492]
  0x00000208bb000800 GCTaskThread "GC Thread#2" [stack: 0x0000000a56300000,0x0000000a56400000] [id=8476]
  0x00000208bc2ef800 GCTaskThread "GC Thread#3" [stack: 0x0000000a56f00000,0x0000000a57000000] [id=5372]
  0x000002089fc48000 ConcurrentGCThread "G1 Main Marker" [stack: 0x0000000a55200000,0x0000000a55300000] [id=7560]
  0x000002089fc49000 ConcurrentGCThread "G1 Conc#0" [stack: 0x0000000a55300000,0x0000000a55400000] [id=7900]
  0x000002089fcc6800 ConcurrentGCThread "G1 Refine#0" [stack: 0x0000000a55400000,0x0000000a55500000] [id=3804]
  0x00000208bb4c8800 ConcurrentGCThread "G1 Refine#1" [stack: 0x0000000a58700000,0x0000000a58800000] [id=7752]
  0x00000208bb4c8000 ConcurrentGCThread "G1 Refine#2" [stack: 0x0000000a58800000,0x0000000a58900000] [id=3252]
  0x00000208bb4c6800 ConcurrentGCThread "G1 Refine#3" [stack: 0x0000000a59500000,0x0000000a59600000] [id=8572]
  0x00000208b9630800 ConcurrentGCThread "G1 Young RemSet Sampling" [stack: 0x0000000a55500000,0x0000000a55600000] [id=10164]

Threads with active compile tasks:
C2 CompilerThread0 160633 16793       4       com.android.tools.r8.internal.mp::a (368 bytes)
C1 CompilerThread0 160633 16801       3       com.android.tools.r8.internal.UF::a (265 bytes)
C2 CompilerThread1 160633 16787 %     4       java.util.TimSort::mergeHi @ 191 (732 bytes)

VM state:at safepoint (normal execution)

VM Mutex/Monitor currently owned by a thread:  ([mutex/lock_event])
[0x000002089fbf94a0] Threads_lock - owner thread: 0x00000208b97da000
[0x000002089fbfa100] Heap_lock - owner thread: 0x00000208c3e6c000

Heap address: 0x0000000080000000, size: 2048 MB, Compressed Oops mode: 32-bit
Narrow klass base: 0x0000000000000000, Narrow klass shift: 3
Compressed class space size: 1073741824 Address: 0x0000000100000000

Heap:
 garbage-first heap   total 893952K, used 203776K [0x0000000080000000, 0x0000000100000000)
  region size 1024K, 2 young (2048K), 2 survivors (2048K)
 Metaspace       used 113659K, capacity 116657K, committed 116736K, reserved 1150976K
  class space    used 14666K, capacity 15813K, committed 15872K, reserved 1048576K
Heap Regions: E=young(eden), S=young(survivor), O=old, HS=humongous(starts), HC=humongous(continues), CS=collection set, F=free, A=archive, TAMS=top-at-mark-start (previous, next)
|   0|0x0000000080000000, 0x0000000080100000, 0x0000000080100000|100%| O|  |TAMS 0x0000000080100000, 0x0000000080000000| Untracked 
|   1|0x0000000080100000, 0x0000000080200000, 0x0000000080200000|100%| O|  |TAMS 0x0000000080200000, 0x0000000080100000| Untracked 
|   2|0x0000000080200000, 0x0000000080300000, 0x0000000080300000|100%| O|  |TAMS 0x0000000080300000, 0x0000000080200000| Untracked 
|   3|0x0000000080300000, 0x0000000080400000, 0x0000000080400000|100%|HS|  |TAMS 0x0000000080400000, 0x0000000080300000| Complete 
|   4|0x0000000080400000, 0x0000000080500000, 0x0000000080500000|100%|HC|  |TAMS 0x0000000080500000, 0x0000000080400000| Complete 
|   5|0x0000000080500000, 0x0000000080600000, 0x0000000080600000|100%|HC|  |TAMS 0x0000000080600000, 0x0000000080500000| Complete 
|   6|0x0000000080600000, 0x0000000080700000, 0x0000000080700000|100%| O|  |TAMS 0x0000000080700000, 0x0000000080600000| Untracked 
|   7|0x0000000080700000, 0x0000000080800000, 0x0000000080800000|100%| O|  |TAMS 0x0000000080800000, 0x0000000080700000| Untracked 
|   8|0x0000000080800000, 0x0000000080900000, 0x0000000080900000|100%| O|  |TAMS 0x0000000080900000, 0x0000000080800000| Untracked 
|   9|0x0000000080900000, 0x0000000080a00000, 0x0000000080a00000|100%| O|  |TAMS 0x0000000080a00000, 0x0000000080900000| Untracked 
|  10|0x0000000080a00000, 0x0000000080b00000, 0x0000000080b00000|100%| O|  |TAMS 0x0000000080b00000, 0x0000000080a00000| Untracked 
|  11|0x0000000080b00000, 0x0000000080c00000, 0x0000000080c00000|100%| O|  |TAMS 0x0000000080c00000, 0x0000000080b00000| Untracked 
|  12|0x0000000080c00000, 0x0000000080d00000, 0x0000000080d00000|100%| O|  |TAMS 0x0000000080d00000, 0x0000000080c00000| Complete 
|  13|0x0000000080d00000, 0x0000000080e00000, 0x0000000080e00000|100%| O|  |TAMS 0x0000000080e00000, 0x0000000080d00000| Untracked 
|  14|0x0000000080e00000, 0x0000000080f00000, 0x0000000080f00000|100%| O|  |TAMS 0x0000000080f00000, 0x0000000080e00000| Untracked 
|  15|0x0000000080f00000, 0x0000000081000000, 0x0000000081000000|100%| O|  |TAMS 0x0000000081000000, 0x0000000080f00000| Complete 
|  16|0x0000000081000000, 0x0000000081100000, 0x0000000081100000|100%| O|  |TAMS 0x0000000081100000, 0x0000000081000000| Untracked 
|  17|0x0000000081100000, 0x0000000081200000, 0x0000000081200000|100%|HS|  |TAMS 0x0000000081200000, 0x0000000081100000| Complete 
|  18|0x0000000081200000, 0x0000000081300000, 0x0000000081300000|100%| O|  |TAMS 0x0000000081300000, 0x0000000081200000| Untracked 
|  19|0x0000000081300000, 0x0000000081400000, 0x0000000081400000|100%| O|  |TAMS 0x0000000081400000, 0x0000000081300000| Untracked 
|  20|0x0000000081400000, 0x0000000081500000, 0x0000000081500000|100%| O|  |TAMS 0x0000000081500000, 0x0000000081400000| Untracked 
|  21|0x0000000081500000, 0x0000000081600000, 0x0000000081600000|100%| O|  |TAMS 0x0000000081600000, 0x0000000081500000| Untracked 
|  22|0x0000000081600000, 0x0000000081700000, 0x0000000081700000|100%| O|  |TAMS 0x0000000081700000, 0x0000000081600000| Untracked 
|  23|0x0000000081700000, 0x0000000081800000, 0x0000000081800000|100%|HS|  |TAMS 0x0000000081800000, 0x0000000081700000| Complete 
|  24|0x0000000081800000, 0x0000000081900000, 0x0000000081900000|100%|HS|  |TAMS 0x0000000081900000, 0x0000000081800000| Complete 
|  25|0x0000000081900000, 0x0000000081a00000, 0x0000000081a00000|100%|HS|  |TAMS 0x0000000081a00000, 0x0000000081900000| Complete 
|  26|0x0000000081a00000, 0x0000000081b00000, 0x0000000081b00000|100%|HC|  |TAMS 0x0000000081b00000, 0x0000000081a00000| Complete 
|  27|0x0000000081b00000, 0x0000000081c00000, 0x0000000081c00000|100%|HC|  |TAMS 0x0000000081c00000, 0x0000000081b00000| Complete 
|  28|0x0000000081c00000, 0x0000000081d00000, 0x0000000081d00000|100%|HS|  |TAMS 0x0000000081d00000, 0x0000000081c00000| Complete 
|  29|0x0000000081d00000, 0x0000000081e00000, 0x0000000081e00000|100%|HC|  |TAMS 0x0000000081e00000, 0x0000000081d00000| Complete 
|  30|0x0000000081e00000, 0x0000000081f00000, 0x0000000081f00000|100%| O|  |TAMS 0x0000000081f00000, 0x0000000081e00000| Untracked 
|  31|0x0000000081f00000, 0x0000000082000000, 0x0000000082000000|100%| O|  |TAMS 0x0000000082000000, 0x0000000081f00000| Untracked 
|  32|0x0000000082000000, 0x0000000082100000, 0x0000000082100000|100%| O|  |TAMS 0x0000000082100000, 0x0000000082000000| Untracked 
|  33|0x0000000082100000, 0x0000000082200000, 0x0000000082200000|100%| O|  |TAMS 0x0000000082200000, 0x0000000082100000| Untracked 
|  34|0x0000000082200000, 0x0000000082300000, 0x0000000082300000|100%| O|  |TAMS 0x0000000082300000, 0x0000000082200000| Complete 
|  35|0x0000000082300000, 0x0000000082400000, 0x0000000082400000|100%| O|  |TAMS 0x0000000082400000, 0x0000000082300000| Untracked 
|  36|0x0000000082400000, 0x0000000082500000, 0x0000000082500000|100%| O|  |TAMS 0x0000000082500000, 0x0000000082400000| Untracked 
|  37|0x0000000082500000, 0x0000000082600000, 0x0000000082600000|100%| O|  |TAMS 0x0000000082600000, 0x0000000082500000| Complete 
|  38|0x0000000082600000, 0x0000000082700000, 0x0000000082700000|100%| O|  |TAMS 0x0000000082700000, 0x0000000082600000| Complete 
|  39|0x0000000082700000, 0x0000000082800000, 0x0000000082800000|100%| O|  |TAMS 0x0000000082800000, 0x0000000082700000| Untracked 
|  40|0x0000000082800000, 0x0000000082900000, 0x0000000082900000|100%| O|  |TAMS 0x0000000082900000, 0x0000000082800000| Untracked 
|  41|0x0000000082900000, 0x0000000082a00000, 0x0000000082a00000|100%| O|  |TAMS 0x0000000082a00000, 0x0000000082900000| Untracked 
|  42|0x0000000082a00000, 0x0000000082b00000, 0x0000000082b00000|100%| O|  |TAMS 0x0000000082b00000, 0x0000000082a00000| Untracked 
|  43|0x0000000082b00000, 0x0000000082c00000, 0x0000000082c00000|100%| O|  |TAMS 0x0000000082c00000, 0x0000000082b00000| Untracked 
|  44|0x0000000082c00000, 0x0000000082d00000, 0x0000000082d00000|100%| O|  |TAMS 0x0000000082d00000, 0x0000000082c00000| Untracked 
|  45|0x0000000082d00000, 0x0000000082e00000, 0x0000000082e00000|100%| O|  |TAMS 0x0000000082e00000, 0x0000000082d00000| Untracked 
|  46|0x0000000082e00000, 0x0000000082f00000, 0x0000000082f00000|100%| O|  |TAMS 0x0000000082f00000, 0x0000000082e00000| Untracked 
|  47|0x0000000082f00000, 0x0000000083000000, 0x0000000083000000|100%| O|  |TAMS 0x0000000083000000, 0x0000000082f00000| Complete 
|  48|0x0000000083000000, 0x0000000083100000, 0x0000000083100000|100%| O|  |TAMS 0x0000000083100000, 0x0000000083000000| Untracked 
|  49|0x0000000083100000, 0x0000000083200000, 0x0000000083200000|100%| O|  |TAMS 0x0000000083200000, 0x0000000083100000| Untracked 
|  50|0x0000000083200000, 0x0000000083300000, 0x0000000083300000|100%| O|  |TAMS 0x0000000083300000, 0x0000000083200000| Untracked 
|  51|0x0000000083300000, 0x0000000083400000, 0x0000000083400000|100%| O|  |TAMS 0x0000000083400000, 0x0000000083300000| Untracked 
|  52|0x0000000083400000, 0x0000000083500000, 0x0000000083500000|100%| O|  |TAMS 0x0000000083500000, 0x0000000083400000| Untracked 
|  53|0x0000000083500000, 0x0000000083600000, 0x0000000083600000|100%| O|  |TAMS 0x0000000083600000, 0x0000000083500000| Untracked 
|  54|0x0000000083600000, 0x0000000083700000, 0x0000000083700000|100%| O|  |TAMS 0x0000000083700000, 0x0000000083600000| Untracked 
|  55|0x0000000083700000, 0x0000000083800000, 0x0000000083800000|100%| O|  |TAMS 0x0000000083800000, 0x0000000083700000| Untracked 
|  56|0x0000000083800000, 0x0000000083900000, 0x0000000083900000|100%| O|  |TAMS 0x0000000083900000, 0x0000000083800000| Complete 
|  57|0x0000000083900000, 0x0000000083a00000, 0x0000000083a00000|100%| O|  |TAMS 0x0000000083a00000, 0x0000000083900000| Untracked 
|  58|0x0000000083a00000, 0x0000000083b00000, 0x0000000083b00000|100%| O|  |TAMS 0x0000000083b00000, 0x0000000083a00000| Untracked 
|  59|0x0000000083b00000, 0x0000000083c00000, 0x0000000083c00000|100%| O|  |TAMS 0x0000000083c00000, 0x0000000083b00000| Complete 
|  60|0x0000000083c00000, 0x0000000083d00000, 0x0000000083d00000|100%| O|  |TAMS 0x0000000083d00000, 0x0000000083c00000| Untracked 
|  61|0x0000000083d00000, 0x0000000083e00000, 0x0000000083e00000|100%| O|  |TAMS 0x0000000083e00000, 0x0000000083d00000| Untracked 
|  62|0x0000000083e00000, 0x0000000083f00000, 0x0000000083f00000|100%| O|  |TAMS 0x0000000083f00000, 0x0000000083e00000| Untracked 
|  63|0x0000000083f00000, 0x0000000083f00000, 0x0000000084000000|  0%| F|  |TAMS 0x0000000083f00000, 0x0000000083f00000| Untracked 
|  64|0x0000000084000000, 0x0000000084100000, 0x0000000084100000|100%| O|  |TAMS 0x0000000084100000, 0x0000000084000000| Complete 
|  65|0x0000000084100000, 0x0000000084200000, 0x0000000084200000|100%| O|  |TAMS 0x0000000084200000, 0x0000000084100000| Untracked 
|  66|0x0000000084200000, 0x0000000084300000, 0x0000000084300000|100%| O|  |TAMS 0x0000000084300000, 0x0000000084200000| Untracked 
|  67|0x0000000084300000, 0x0000000084400000, 0x0000000084400000|100%| O|  |TAMS 0x0000000084400000, 0x0000000084300000| Untracked 
|  68|0x0000000084400000, 0x0000000084500000, 0x0000000084500000|100%| O|  |TAMS 0x0000000084500000, 0x0000000084400000| Untracked 
|  69|0x0000000084500000, 0x0000000084600000, 0x0000000084600000|100%| O|  |TAMS 0x0000000084600000, 0x0000000084500000| Complete 
|  70|0x0000000084600000, 0x0000000084700000, 0x0000000084700000|100%| O|  |TAMS 0x0000000084700000, 0x0000000084600000| Complete 
|  71|0x0000000084700000, 0x0000000084800000, 0x0000000084800000|100%| O|  |TAMS 0x0000000084800000, 0x0000000084700000| Untracked 
|  72|0x0000000084800000, 0x0000000084900000, 0x0000000084900000|100%| O|  |TAMS 0x0000000084900000, 0x0000000084800000| Complete 
|  73|0x0000000084900000, 0x0000000084a00000, 0x0000000084a00000|100%| O|  |TAMS 0x0000000084a00000, 0x0000000084900000| Untracked 
|  74|0x0000000084a00000, 0x0000000084b00000, 0x0000000084b00000|100%| O|  |TAMS 0x0000000084b00000, 0x0000000084a00000| Untracked 
|  75|0x0000000084b00000, 0x0000000084c00000, 0x0000000084c00000|100%| O|  |TAMS 0x0000000084c00000, 0x0000000084b00000| Complete 
|  76|0x0000000084c00000, 0x0000000084d00000, 0x0000000084d00000|100%| O|  |TAMS 0x0000000084d00000, 0x0000000084c00000| Complete 
|  77|0x0000000084d00000, 0x0000000084e00000, 0x0000000084e00000|100%| O|  |TAMS 0x0000000084e00000, 0x0000000084d00000| Untracked 
|  78|0x0000000084e00000, 0x0000000084f00000, 0x0000000084f00000|100%| O|  |TAMS 0x0000000084f00000, 0x0000000084e00000| Untracked 
|  79|0x0000000084f00000, 0x0000000085000000, 0x0000000085000000|100%| O|  |TAMS 0x0000000085000000, 0x0000000084f00000| Complete 
|  80|0x0000000085000000, 0x0000000085100000, 0x0000000085100000|100%| O|  |TAMS 0x0000000085100000, 0x0000000085000000| Untracked 
|  81|0x0000000085100000, 0x0000000085200000, 0x0000000085200000|100%| O|  |TAMS 0x0000000085200000, 0x0000000085100000| Untracked 
|  82|0x0000000085200000, 0x0000000085300000, 0x0000000085300000|100%| O|  |TAMS 0x0000000085300000, 0x0000000085200000| Untracked 
|  83|0x0000000085300000, 0x0000000085400000, 0x0000000085400000|100%| O|  |TAMS 0x0000000085400000, 0x0000000085300000| Complete 
|  84|0x0000000085400000, 0x0000000085500000, 0x0000000085500000|100%| O|  |TAMS 0x0000000085500000, 0x0000000085400000| Untracked 
|  85|0x0000000085500000, 0x0000000085600000, 0x0000000085600000|100%| O|  |TAMS 0x0000000085600000, 0x0000000085500000| Complete 
|  86|0x0000000085600000, 0x0000000085700000, 0x0000000085700000|100%| O|  |TAMS 0x0000000085700000, 0x0000000085600000| Untracked 
|  87|0x0000000085700000, 0x0000000085800000, 0x0000000085800000|100%| O|  |TAMS 0x0000000085800000, 0x0000000085700000| Untracked 
|  88|0x0000000085800000, 0x0000000085900000, 0x0000000085900000|100%| O|  |TAMS 0x0000000085900000, 0x0000000085800000| Complete 
|  89|0x0000000085900000, 0x0000000085a00000, 0x0000000085a00000|100%| O|  |TAMS 0x0000000085a00000, 0x0000000085900000| Complete 
|  90|0x0000000085a00000, 0x0000000085b00000, 0x0000000085b00000|100%| O|  |TAMS 0x0000000085b00000, 0x0000000085a00000| Untracked 
|  91|0x0000000085b00000, 0x0000000085c00000, 0x0000000085c00000|100%| O|  |TAMS 0x0000000085c00000, 0x0000000085b00000| Complete 
|  92|0x0000000085c00000, 0x0000000085d00000, 0x0000000085d00000|100%| O|  |TAMS 0x0000000085d00000, 0x0000000085c00000| Complete 
|  93|0x0000000085d00000, 0x0000000085e00000, 0x0000000085e00000|100%| O|  |TAMS 0x0000000085e00000, 0x0000000085d00000| Untracked 
|  94|0x0000000085e00000, 0x0000000085f00000, 0x0000000085f00000|100%| O|  |TAMS 0x0000000085f00000, 0x0000000085e00000| Complete 
|  95|0x0000000085f00000, 0x0000000086000000, 0x0000000086000000|100%| O|  |TAMS 0x0000000086000000, 0x0000000085f00000| Untracked 
|  96|0x0000000086000000, 0x0000000086100000, 0x0000000086100000|100%| O|  |TAMS 0x0000000086100000, 0x0000000086000000| Complete 
|  97|0x0000000086100000, 0x0000000086200000, 0x0000000086200000|100%| O|  |TAMS 0x0000000086200000, 0x0000000086100000| Complete 
|  98|0x0000000086200000, 0x0000000086300000, 0x0000000086300000|100%| O|  |TAMS 0x0000000086300000, 0x0000000086200000| Untracked 
|  99|0x0000000086300000, 0x0000000086400000, 0x0000000086400000|100%| O|  |TAMS 0x0000000086400000, 0x0000000086300000| Untracked 
| 100|0x0000000086400000, 0x0000000086500000, 0x0000000086500000|100%| O|  |TAMS 0x0000000086500000, 0x0000000086400000| Complete 
| 101|0x0000000086500000, 0x0000000086600000, 0x0000000086600000|100%|HS|  |TAMS 0x0000000086600000, 0x0000000086500000| Complete 
| 102|0x0000000086600000, 0x0000000086700000, 0x0000000086700000|100%| O|  |TAMS 0x0000000086700000, 0x0000000086600000| Untracked 
| 103|0x0000000086700000, 0x0000000086800000, 0x0000000086800000|100%| O|  |TAMS 0x0000000086800000, 0x0000000086700000| Untracked 
| 104|0x0000000086800000, 0x0000000086900000, 0x0000000086900000|100%| O|  |TAMS 0x0000000086900000, 0x0000000086800000| Complete 
| 105|0x0000000086900000, 0x0000000086a00000, 0x0000000086a00000|100%| O|  |TAMS 0x0000000086a00000, 0x0000000086900000| Complete 
| 106|0x0000000086a00000, 0x0000000086b00000, 0x0000000086b00000|100%| O|  |TAMS 0x0000000086b00000, 0x0000000086a00000| Untracked 
| 107|0x0000000086b00000, 0x0000000086c00000, 0x0000000086c00000|100%| O|  |TAMS 0x0000000086c00000, 0x0000000086b00000| Complete 
| 108|0x0000000086c00000, 0x0000000086d00000, 0x0000000086d00000|100%| O|  |TAMS 0x0000000086d00000, 0x0000000086c00000| Untracked 
| 109|0x0000000086d00000, 0x0000000086e00000, 0x0000000086e00000|100%| O|  |TAMS 0x0000000086e00000, 0x0000000086d00000| Complete 
| 110|0x0000000086e00000, 0x0000000086f00000, 0x0000000086f00000|100%| O|  |TAMS 0x0000000086f00000, 0x0000000086e00000| Untracked 
| 111|0x0000000086f00000, 0x0000000087000000, 0x0000000087000000|100%| O|  |TAMS 0x0000000087000000, 0x0000000086f00000| Untracked 
| 112|0x0000000087000000, 0x0000000087100000, 0x0000000087100000|100%| O|  |TAMS 0x0000000087100000, 0x0000000087000000| Untracked 
| 113|0x0000000087100000, 0x0000000087200000, 0x0000000087200000|100%| O|  |TAMS 0x0000000087200000, 0x0000000087100000| Complete 
| 114|0x0000000087200000, 0x0000000087300000, 0x0000000087300000|100%| O|  |TAMS 0x0000000087300000, 0x0000000087200000| Complete 
| 115|0x0000000087300000, 0x0000000087400000, 0x0000000087400000|100%| O|  |TAMS 0x0000000087400000, 0x0000000087300000| Untracked 
| 116|0x0000000087400000, 0x0000000087500000, 0x0000000087500000|100%| O|  |TAMS 0x0000000087500000, 0x0000000087400000| Untracked 
| 117|0x0000000087500000, 0x0000000087500000, 0x0000000087600000|  0%| F|  |TAMS 0x0000000087500000, 0x0000000087500000| Untracked 
| 118|0x0000000087600000, 0x0000000087700000, 0x0000000087700000|100%| O|  |TAMS 0x0000000087700000, 0x0000000087600000| Complete 
| 119|0x0000000087700000, 0x0000000087800000, 0x0000000087800000|100%| O|  |TAMS 0x0000000087800000, 0x0000000087700000| Untracked 
| 120|0x0000000087800000, 0x0000000087900000, 0x0000000087900000|100%|HS|  |TAMS 0x0000000087900000, 0x0000000087800000| Complete 
| 121|0x0000000087900000, 0x0000000087a00000, 0x0000000087a00000|100%|HC|  |TAMS 0x0000000087a00000, 0x0000000087900000| Complete 
| 122|0x0000000087a00000, 0x0000000087b00000, 0x0000000087b00000|100%|HC|  |TAMS 0x0000000087b00000, 0x0000000087a00000| Complete 
| 123|0x0000000087b00000, 0x0000000087c00000, 0x0000000087c00000|100%|HC|  |TAMS 0x0000000087c00000, 0x0000000087b00000| Complete 
| 124|0x0000000087c00000, 0x0000000087d00000, 0x0000000087d00000|100%|HC|  |TAMS 0x0000000087d00000, 0x0000000087c00000| Complete 
| 125|0x0000000087d00000, 0x0000000087e00000, 0x0000000087e00000|100%|HC|  |TAMS 0x0000000087e00000, 0x0000000087d00000| Complete 
| 126|0x0000000087e00000, 0x0000000087f00000, 0x0000000087f00000|100%|HC|  |TAMS 0x0000000087f00000, 0x0000000087e00000| Complete 
| 127|0x0000000087f00000, 0x0000000088000000, 0x0000000088000000|100%|HC|  |TAMS 0x0000000088000000, 0x0000000087f00000| Complete 
| 128|0x0000000088000000, 0x0000000088100000, 0x0000000088100000|100%| O|  |TAMS 0x0000000088100000, 0x0000000088000000| Untracked 
| 129|0x0000000088100000, 0x0000000088200000, 0x0000000088200000|100%| O|  |TAMS 0x0000000088200000, 0x0000000088100000| Untracked 
| 130|0x0000000088200000, 0x0000000088200000, 0x0000000088300000|  0%| F|  |TAMS 0x0000000088200000, 0x0000000088200000| Untracked 
| 131|0x0000000088300000, 0x0000000088400000, 0x0000000088400000|100%| O|  |TAMS 0x0000000088400000, 0x0000000088300000| Complete 
| 132|0x0000000088400000, 0x0000000088500000, 0x0000000088500000|100%| O|  |TAMS 0x0000000088500000, 0x0000000088400000| Untracked 
| 133|0x0000000088500000, 0x0000000088600000, 0x0000000088600000|100%| O|  |TAMS 0x0000000088600000, 0x0000000088500000| Complete 
| 134|0x0000000088600000, 0x0000000088700000, 0x0000000088700000|100%| O|  |TAMS 0x0000000088700000, 0x0000000088600000| Complete 
| 135|0x0000000088700000, 0x0000000088800000, 0x0000000088800000|100%| O|  |TAMS 0x0000000088800000, 0x0000000088700000| Untracked 
| 136|0x0000000088800000, 0x0000000088900000, 0x0000000088900000|100%| O|  |TAMS 0x0000000088900000, 0x0000000088800000| Complete 
| 137|0x0000000088900000, 0x0000000088a00000, 0x0000000088a00000|100%| O|  |TAMS 0x0000000088a00000, 0x0000000088900000| Untracked 
| 138|0x0000000088a00000, 0x0000000088b00000, 0x0000000088b00000|100%| O|  |TAMS 0x0000000088b00000, 0x0000000088a00000| Complete 
| 139|0x0000000088b00000, 0x0000000088c00000, 0x0000000088c00000|100%| O|  |TAMS 0x0000000088c00000, 0x0000000088b00000| Untracked 
| 140|0x0000000088c00000, 0x0000000088d00000, 0x0000000088d00000|100%| O|  |TAMS 0x0000000088d00000, 0x0000000088c00000| Untracked 
| 141|0x0000000088d00000, 0x0000000088e00000, 0x0000000088e00000|100%| O|  |TAMS 0x0000000088e00000, 0x0000000088d00000| Untracked 
| 142|0x0000000088e00000, 0x0000000088f00000, 0x0000000088f00000|100%| O|  |TAMS 0x0000000088f00000, 0x0000000088e00000| Complete 
| 143|0x0000000088f00000, 0x0000000089000000, 0x0000000089000000|100%| O|  |TAMS 0x0000000089000000, 0x0000000088f00000| Untracked 
| 144|0x0000000089000000, 0x0000000089100000, 0x0000000089100000|100%| O|  |TAMS 0x0000000089100000, 0x0000000089000000| Untracked 
| 145|0x0000000089100000, 0x0000000089200000, 0x0000000089200000|100%|HS|  |TAMS 0x0000000089100000, 0x0000000089100000| Complete 
| 146|0x0000000089200000, 0x0000000089300000, 0x0000000089300000|100%| O|  |TAMS 0x0000000089300000, 0x0000000089200000| Untracked 
| 147|0x0000000089300000, 0x0000000089400000, 0x0000000089400000|100%| O|  |TAMS 0x0000000089400000, 0x0000000089300000| Untracked 
| 148|0x0000000089400000, 0x0000000089500000, 0x0000000089500000|100%| O|  |TAMS 0x0000000089500000, 0x0000000089400000| Untracked 
| 149|0x0000000089500000, 0x0000000089600000, 0x0000000089600000|100%| O|  |TAMS 0x0000000089600000, 0x0000000089500000| Untracked 
| 150|0x0000000089600000, 0x0000000089700000, 0x0000000089700000|100%| O|  |TAMS 0x0000000089700000, 0x0000000089600000| Untracked 
| 151|0x0000000089700000, 0x0000000089800000, 0x0000000089800000|100%| O|  |TAMS 0x0000000089800000, 0x0000000089700000| Untracked 
| 152|0x0000000089800000, 0x0000000089900000, 0x0000000089900000|100%| O|  |TAMS 0x000000008982e200, 0x0000000089800000| Complete 
| 153|0x0000000089900000, 0x0000000089a00000, 0x0000000089a00000|100%|HS|  |TAMS 0x0000000089900000, 0x0000000089900000| Complete 
| 154|0x0000000089a00000, 0x0000000089b00000, 0x0000000089b00000|100%|HS|  |TAMS 0x0000000089b00000, 0x0000000089a00000| Complete 
| 155|0x0000000089b00000, 0x0000000089c00000, 0x0000000089c00000|100%|HC|  |TAMS 0x0000000089c00000, 0x0000000089b00000| Complete 
| 156|0x0000000089c00000, 0x0000000089d00000, 0x0000000089d00000|100%|HC|  |TAMS 0x0000000089d00000, 0x0000000089c00000| Complete 
| 157|0x0000000089d00000, 0x0000000089e00000, 0x0000000089e00000|100%|HC|  |TAMS 0x0000000089e00000, 0x0000000089d00000| Complete 
| 158|0x0000000089e00000, 0x0000000089f00000, 0x0000000089f00000|100%|HC|  |TAMS 0x0000000089f00000, 0x0000000089e00000| Complete 
| 159|0x0000000089f00000, 0x000000008a000000, 0x000000008a000000|100%|HC|  |TAMS 0x000000008a000000, 0x0000000089f00000| Complete 
| 160|0x000000008a000000, 0x000000008a100000, 0x000000008a100000|100%|HC|  |TAMS 0x000000008a100000, 0x000000008a000000| Complete 
| 161|0x000000008a100000, 0x000000008a200000, 0x000000008a200000|100%|HC|  |TAMS 0x000000008a200000, 0x000000008a100000| Complete 
| 162|0x000000008a200000, 0x000000008a300000, 0x000000008a300000|100%| O|  |TAMS 0x000000008a300000, 0x000000008a200000| Complete 
| 163|0x000000008a300000, 0x000000008a400000, 0x000000008a400000|100%| O|  |TAMS 0x000000008a400000, 0x000000008a300000| Untracked 
| 164|0x000000008a400000, 0x000000008a500000, 0x000000008a500000|100%| O|  |TAMS 0x000000008a500000, 0x000000008a400000| Complete 
| 165|0x000000008a500000, 0x000000008a600000, 0x000000008a600000|100%| O|  |TAMS 0x000000008a600000, 0x000000008a500000| Complete 
| 166|0x000000008a600000, 0x000000008a700000, 0x000000008a700000|100%| O|  |TAMS 0x000000008a700000, 0x000000008a600000| Complete 
| 167|0x000000008a700000, 0x000000008a800000, 0x000000008a800000|100%| O|  |TAMS 0x000000008a800000, 0x000000008a700000| Complete 
| 168|0x000000008a800000, 0x000000008a900000, 0x000000008a900000|100%|HS|  |TAMS 0x000000008a800000, 0x000000008a800000| Complete 
| 169|0x000000008a900000, 0x000000008aa00000, 0x000000008aa00000|100%| O|  |TAMS 0x000000008a900000, 0x000000008a900000| Untracked 
| 170|0x000000008aa00000, 0x000000008ab00000, 0x000000008ab00000|100%| O|  |TAMS 0x000000008aa00000, 0x000000008aa00000| Untracked 
| 171|0x000000008ab00000, 0x000000008ac00000, 0x000000008ac00000|100%| O|  |TAMS 0x000000008ab00000, 0x000000008ab00000| Untracked 
| 172|0x000000008ac00000, 0x000000008ad00000, 0x000000008ad00000|100%| O|  |TAMS 0x000000008ac00000, 0x000000008ac00000| Untracked 
| 173|0x000000008ad00000, 0x000000008ae00000, 0x000000008ae00000|100%| O|  |TAMS 0x000000008ad00000, 0x000000008ad00000| Untracked 
| 174|0x000000008ae00000, 0x000000008af00000, 0x000000008af00000|100%| O|  |TAMS 0x000000008ae00000, 0x000000008ae00000| Untracked 
| 175|0x000000008af00000, 0x000000008b000000, 0x000000008b000000|100%| O|  |TAMS 0x000000008af00000, 0x000000008af00000| Untracked 
| 176|0x000000008b000000, 0x000000008b100000, 0x000000008b100000|100%| O|  |TAMS 0x000000008b000000, 0x000000008b000000| Untracked 
| 177|0x000000008b100000, 0x000000008b200000, 0x000000008b200000|100%| O|  |TAMS 0x000000008b100000, 0x000000008b100000| Untracked 
| 178|0x000000008b200000, 0x000000008b300000, 0x000000008b300000|100%| O|  |TAMS 0x000000008b200000, 0x000000008b200000| Untracked 
| 179|0x000000008b300000, 0x000000008b400000, 0x000000008b400000|100%| O|  |TAMS 0x000000008b300000, 0x000000008b300000| Untracked 
| 180|0x000000008b400000, 0x000000008b500000, 0x000000008b500000|100%| O|  |TAMS 0x000000008b400000, 0x000000008b400000| Untracked 
| 181|0x000000008b500000, 0x000000008b600000, 0x000000008b600000|100%| O|  |TAMS 0x000000008b500000, 0x000000008b500000| Untracked 
| 182|0x000000008b600000, 0x000000008b700000, 0x000000008b700000|100%| O|  |TAMS 0x000000008b600000, 0x000000008b600000| Untracked 
| 183|0x000000008b700000, 0x000000008b800000, 0x000000008b800000|100%| O|  |TAMS 0x000000008b700000, 0x000000008b700000| Untracked 
| 184|0x000000008b800000, 0x000000008b900000, 0x000000008b900000|100%| O|  |TAMS 0x000000008b800000, 0x000000008b800000| Untracked 
| 185|0x000000008b900000, 0x000000008ba00000, 0x000000008ba00000|100%| O|  |TAMS 0x000000008b900000, 0x000000008b900000| Untracked 
| 186|0x000000008ba00000, 0x000000008bb00000, 0x000000008bb00000|100%| O|  |TAMS 0x000000008ba00000, 0x000000008ba00000| Untracked 
| 187|0x000000008bb00000, 0x000000008bc00000, 0x000000008bc00000|100%| O|  |TAMS 0x000000008bb00000, 0x000000008bb00000| Untracked 
| 188|0x000000008bc00000, 0x000000008bd00000, 0x000000008bd00000|100%| O|  |TAMS 0x000000008bc00000, 0x000000008bc00000| Untracked 
| 189|0x000000008bd00000, 0x000000008be00000, 0x000000008be00000|100%|HS|  |TAMS 0x000000008bd00000, 0x000000008bd00000| Complete 
| 190|0x000000008be00000, 0x000000008bf00000, 0x000000008bf00000|100%|HS|  |TAMS 0x000000008be00000, 0x000000008be00000| Complete 
| 191|0x000000008bf00000, 0x000000008c000000, 0x000000008c000000|100%|HS|  |TAMS 0x000000008bf00000, 0x000000008bf00000| Complete 
| 192|0x000000008c000000, 0x000000008c100000, 0x000000008c100000|100%|HC|  |TAMS 0x000000008c000000, 0x000000008c000000| Complete 
| 193|0x000000008c100000, 0x000000008c200000, 0x000000008c200000|100%|HS|  |TAMS 0x000000008c100000, 0x000000008c100000| Complete 
| 194|0x000000008c200000, 0x000000008c300000, 0x000000008c300000|100%|HS|  |TAMS 0x000000008c200000, 0x000000008c200000| Complete 
| 195|0x000000008c300000, 0x000000008c400000, 0x000000008c400000|100%|HC|  |TAMS 0x000000008c300000, 0x000000008c300000| Complete 
| 196|0x000000008c400000, 0x000000008c500000, 0x000000008c500000|100%| O|  |TAMS 0x000000008c400000, 0x000000008c400000| Untracked 
| 197|0x000000008c500000, 0x000000008c600000, 0x000000008c600000|100%| O|  |TAMS 0x000000008c500000, 0x000000008c500000| Untracked 
| 198|0x000000008c600000, 0x000000008c700000, 0x000000008c700000|100%| O|  |TAMS 0x000000008c600000, 0x000000008c600000| Untracked 
| 199|0x000000008c700000, 0x000000008c800000, 0x000000008c800000|100%| O|  |TAMS 0x000000008c700000, 0x000000008c700000| Untracked 
| 200|0x000000008c800000, 0x000000008c800000, 0x000000008c900000|  0%| F|  |TAMS 0x000000008c800000, 0x000000008c800000| Untracked 
| 201|0x000000008c900000, 0x000000008c900000, 0x000000008ca00000|  0%| F|  |TAMS 0x000000008c900000, 0x000000008c900000| Untracked 
| 202|0x000000008ca00000, 0x000000008ca00000, 0x000000008cb00000|  0%| F|  |TAMS 0x000000008ca00000, 0x000000008ca00000| Untracked 
| 203|0x000000008cb00000, 0x000000008cb00000, 0x000000008cc00000|  0%| F|  |TAMS 0x000000008cb00000, 0x000000008cb00000| Untracked 
| 204|0x000000008cc00000, 0x000000008cc00000, 0x000000008cd00000|  0%| F|  |TAMS 0x000000008cc00000, 0x000000008cc00000| Untracked 
| 205|0x000000008cd00000, 0x000000008cd00000, 0x000000008ce00000|  0%| F|  |TAMS 0x000000008cd00000, 0x000000008cd00000| Untracked 
| 206|0x000000008ce00000, 0x000000008ce00000, 0x000000008cf00000|  0%| F|  |TAMS 0x000000008ce00000, 0x000000008ce00000| Untracked 
| 207|0x000000008cf00000, 0x000000008cf00000, 0x000000008d000000|  0%| F|  |TAMS 0x000000008cf00000, 0x000000008cf00000| Untracked 
| 208|0x000000008d000000, 0x000000008d000000, 0x000000008d100000|  0%| F|  |TAMS 0x000000008d000000, 0x000000008d000000| Untracked 
| 209|0x000000008d100000, 0x000000008d100000, 0x000000008d200000|  0%| F|  |TAMS 0x000000008d100000, 0x000000008d100000| Untracked 
| 210|0x000000008d200000, 0x000000008d200000, 0x000000008d300000|  0%| F|  |TAMS 0x000000008d200000, 0x000000008d200000| Untracked 
| 211|0x000000008d300000, 0x000000008d300000, 0x000000008d400000|  0%| F|  |TAMS 0x000000008d300000, 0x000000008d300000| Untracked 
| 212|0x000000008d400000, 0x000000008d400000, 0x000000008d500000|  0%| F|  |TAMS 0x000000008d400000, 0x000000008d400000| Untracked 
| 213|0x000000008d500000, 0x000000008d500000, 0x000000008d600000|  0%| F|  |TAMS 0x000000008d500000, 0x000000008d500000| Untracked 
| 214|0x000000008d600000, 0x000000008d600000, 0x000000008d700000|  0%| F|  |TAMS 0x000000008d600000, 0x000000008d600000| Untracked 
| 215|0x000000008d700000, 0x000000008d700000, 0x000000008d800000|  0%| F|  |TAMS 0x000000008d700000, 0x000000008d700000| Untracked 
| 216|0x000000008d800000, 0x000000008d800000, 0x000000008d900000|  0%| F|  |TAMS 0x000000008d800000, 0x000000008d800000| Untracked 
| 217|0x000000008d900000, 0x000000008d900000, 0x000000008da00000|  0%| F|  |TAMS 0x000000008d900000, 0x000000008d900000| Untracked 
| 218|0x000000008da00000, 0x000000008da00000, 0x000000008db00000|  0%| F|  |TAMS 0x000000008da00000, 0x000000008da00000| Untracked 
| 219|0x000000008db00000, 0x000000008db00000, 0x000000008dc00000|  0%| F|  |TAMS 0x000000008db00000, 0x000000008db00000| Untracked 
| 220|0x000000008dc00000, 0x000000008dc00000, 0x000000008dd00000|  0%| F|  |TAMS 0x000000008dc00000, 0x000000008dc00000| Untracked 
| 221|0x000000008dd00000, 0x000000008dd00000, 0x000000008de00000|  0%| F|  |TAMS 0x000000008dd00000, 0x000000008dd00000| Untracked 
| 222|0x000000008de00000, 0x000000008de00000, 0x000000008df00000|  0%| F|  |TAMS 0x000000008de00000, 0x000000008de00000| Untracked 
| 223|0x000000008df00000, 0x000000008df00000, 0x000000008e000000|  0%| F|  |TAMS 0x000000008df00000, 0x000000008df00000| Untracked 
| 224|0x000000008e000000, 0x000000008e000000, 0x000000008e100000|  0%| F|  |TAMS 0x000000008e000000, 0x000000008e000000| Untracked 
| 225|0x000000008e100000, 0x000000008e100000, 0x000000008e200000|  0%| F|  |TAMS 0x000000008e100000, 0x000000008e100000| Untracked 
| 226|0x000000008e200000, 0x000000008e200000, 0x000000008e300000|  0%| F|  |TAMS 0x000000008e200000, 0x000000008e200000| Untracked 
| 227|0x000000008e300000, 0x000000008e300000, 0x000000008e400000|  0%| F|  |TAMS 0x000000008e300000, 0x000000008e300000| Untracked 
| 228|0x000000008e400000, 0x000000008e400000, 0x000000008e500000|  0%| F|  |TAMS 0x000000008e400000, 0x000000008e400000| Untracked 
| 229|0x000000008e500000, 0x000000008e500000, 0x000000008e600000|  0%| F|  |TAMS 0x000000008e500000, 0x000000008e500000| Untracked 
| 230|0x000000008e600000, 0x000000008e600000, 0x000000008e700000|  0%| F|  |TAMS 0x000000008e600000, 0x000000008e600000| Untracked 
| 231|0x000000008e700000, 0x000000008e700000, 0x000000008e800000|  0%| F|  |TAMS 0x000000008e700000, 0x000000008e700000| Untracked 
| 232|0x000000008e800000, 0x000000008e800000, 0x000000008e900000|  0%| F|  |TAMS 0x000000008e800000, 0x000000008e800000| Untracked 
| 233|0x000000008e900000, 0x000000008e900000, 0x000000008ea00000|  0%| F|  |TAMS 0x000000008e900000, 0x000000008e900000| Untracked 
| 234|0x000000008ea00000, 0x000000008ea00000, 0x000000008eb00000|  0%| F|  |TAMS 0x000000008ea00000, 0x000000008ea00000| Untracked 
| 235|0x000000008eb00000, 0x000000008eb00000, 0x000000008ec00000|  0%| F|  |TAMS 0x000000008eb00000, 0x000000008eb00000| Untracked 
| 236|0x000000008ec00000, 0x000000008ec00000, 0x000000008ed00000|  0%| F|  |TAMS 0x000000008ec00000, 0x000000008ec00000| Untracked 
| 237|0x000000008ed00000, 0x000000008ed00000, 0x000000008ee00000|  0%| F|  |TAMS 0x000000008ed00000, 0x000000008ed00000| Untracked 
| 238|0x000000008ee00000, 0x000000008ee00000, 0x000000008ef00000|  0%| F|  |TAMS 0x000000008ee00000, 0x000000008ee00000| Untracked 
| 239|0x000000008ef00000, 0x000000008ef00000, 0x000000008f000000|  0%| F|  |TAMS 0x000000008ef00000, 0x000000008ef00000| Untracked 
| 240|0x000000008f000000, 0x000000008f000000, 0x000000008f100000|  0%| F|  |TAMS 0x000000008f000000, 0x000000008f000000| Untracked 
| 241|0x000000008f100000, 0x000000008f100000, 0x000000008f200000|  0%| F|  |TAMS 0x000000008f100000, 0x000000008f100000| Untracked 
| 242|0x000000008f200000, 0x000000008f200000, 0x000000008f300000|  0%| F|  |TAMS 0x000000008f200000, 0x000000008f200000| Untracked 
| 243|0x000000008f300000, 0x000000008f300000, 0x000000008f400000|  0%| F|  |TAMS 0x000000008f300000, 0x000000008f300000| Untracked 
| 244|0x000000008f400000, 0x000000008f400000, 0x000000008f500000|  0%| F|  |TAMS 0x000000008f400000, 0x000000008f400000| Untracked 
| 245|0x000000008f500000, 0x000000008f500000, 0x000000008f600000|  0%| F|  |TAMS 0x000000008f500000, 0x000000008f500000| Untracked 
| 246|0x000000008f600000, 0x000000008f600000, 0x000000008f700000|  0%| F|  |TAMS 0x000000008f600000, 0x000000008f600000| Untracked 
| 247|0x000000008f700000, 0x000000008f700000, 0x000000008f800000|  0%| F|  |TAMS 0x000000008f700000, 0x000000008f700000| Untracked 
| 248|0x000000008f800000, 0x000000008f800000, 0x000000008f900000|  0%| F|  |TAMS 0x000000008f800000, 0x000000008f800000| Untracked 
| 249|0x000000008f900000, 0x000000008f900000, 0x000000008fa00000|  0%| F|  |TAMS 0x000000008f900000, 0x000000008f900000| Untracked 
| 250|0x000000008fa00000, 0x000000008fa00000, 0x000000008fb00000|  0%| F|  |TAMS 0x000000008fa00000, 0x000000008fa00000| Untracked 
| 251|0x000000008fb00000, 0x000000008fb00000, 0x000000008fc00000|  0%| F|  |TAMS 0x000000008fb00000, 0x000000008fb00000| Untracked 
| 252|0x000000008fc00000, 0x000000008fc00000, 0x000000008fd00000|  0%| F|  |TAMS 0x000000008fc00000, 0x000000008fc00000| Untracked 
| 253|0x000000008fd00000, 0x000000008fd00000, 0x000000008fe00000|  0%| F|  |TAMS 0x000000008fd00000, 0x000000008fd00000| Untracked 
| 254|0x000000008fe00000, 0x000000008fe00000, 0x000000008ff00000|  0%| F|  |TAMS 0x000000008fe00000, 0x000000008fe00000| Untracked 
| 255|0x000000008ff00000, 0x000000008ff00000, 0x0000000090000000|  0%| F|  |TAMS 0x000000008ff00000, 0x000000008ff00000| Untracked 
| 256|0x0000000090000000, 0x0000000090000000, 0x0000000090100000|  0%| F|  |TAMS 0x0000000090000000, 0x0000000090000000| Untracked 
| 257|0x0000000090100000, 0x0000000090100000, 0x0000000090200000|  0%| F|  |TAMS 0x0000000090100000, 0x0000000090100000| Untracked 
| 258|0x0000000090200000, 0x0000000090200000, 0x0000000090300000|  0%| F|  |TAMS 0x0000000090200000, 0x0000000090200000| Untracked 
| 259|0x0000000090300000, 0x0000000090300000, 0x0000000090400000|  0%| F|  |TAMS 0x0000000090300000, 0x0000000090300000| Untracked 
| 260|0x0000000090400000, 0x0000000090400000, 0x0000000090500000|  0%| F|  |TAMS 0x0000000090400000, 0x0000000090400000| Untracked 
| 261|0x0000000090500000, 0x0000000090500000, 0x0000000090600000|  0%| F|  |TAMS 0x0000000090500000, 0x0000000090500000| Untracked 
| 262|0x0000000090600000, 0x0000000090600000, 0x0000000090700000|  0%| F|  |TAMS 0x0000000090600000, 0x0000000090600000| Untracked 
| 263|0x0000000090700000, 0x0000000090700000, 0x0000000090800000|  0%| F|  |TAMS 0x0000000090700000, 0x0000000090700000| Untracked 
| 264|0x0000000090800000, 0x0000000090800000, 0x0000000090900000|  0%| F|  |TAMS 0x0000000090800000, 0x0000000090800000| Untracked 
| 265|0x0000000090900000, 0x0000000090900000, 0x0000000090a00000|  0%| F|  |TAMS 0x0000000090900000, 0x0000000090900000| Untracked 
| 266|0x0000000090a00000, 0x0000000090a00000, 0x0000000090b00000|  0%| F|  |TAMS 0x0000000090a00000, 0x0000000090a00000| Untracked 
| 267|0x0000000090b00000, 0x0000000090b00000, 0x0000000090c00000|  0%| F|  |TAMS 0x0000000090b00000, 0x0000000090b00000| Untracked 
| 268|0x0000000090c00000, 0x0000000090c00000, 0x0000000090d00000|  0%| F|  |TAMS 0x0000000090c00000, 0x0000000090c00000| Untracked 
| 269|0x0000000090d00000, 0x0000000090d00000, 0x0000000090e00000|  0%| F|  |TAMS 0x0000000090d00000, 0x0000000090d00000| Untracked 
| 270|0x0000000090e00000, 0x0000000090e00000, 0x0000000090f00000|  0%| F|  |TAMS 0x0000000090e00000, 0x0000000090e00000| Untracked 
| 271|0x0000000090f00000, 0x0000000090f00000, 0x0000000091000000|  0%| F|  |TAMS 0x0000000090f00000, 0x0000000090f00000| Untracked 
| 272|0x0000000091000000, 0x0000000091000000, 0x0000000091100000|  0%| F|  |TAMS 0x0000000091000000, 0x0000000091000000| Untracked 
| 273|0x0000000091100000, 0x0000000091100000, 0x0000000091200000|  0%| F|  |TAMS 0x0000000091100000, 0x0000000091100000| Untracked 
| 274|0x0000000091200000, 0x0000000091200000, 0x0000000091300000|  0%| F|  |TAMS 0x0000000091200000, 0x0000000091200000| Untracked 
| 275|0x0000000091300000, 0x0000000091300000, 0x0000000091400000|  0%| F|  |TAMS 0x0000000091300000, 0x0000000091300000| Untracked 
| 276|0x0000000091400000, 0x0000000091400000, 0x0000000091500000|  0%| F|  |TAMS 0x0000000091400000, 0x0000000091400000| Untracked 
| 277|0x0000000091500000, 0x0000000091500000, 0x0000000091600000|  0%| F|  |TAMS 0x0000000091500000, 0x0000000091500000| Untracked 
| 278|0x0000000091600000, 0x0000000091600000, 0x0000000091700000|  0%| F|  |TAMS 0x0000000091600000, 0x0000000091600000| Untracked 
| 279|0x0000000091700000, 0x0000000091700000, 0x0000000091800000|  0%| F|  |TAMS 0x0000000091700000, 0x0000000091700000| Untracked 
| 280|0x0000000091800000, 0x0000000091900000, 0x0000000091900000|100%| S|CS|TAMS 0x0000000091800000, 0x0000000091800000| Complete 
| 281|0x0000000091900000, 0x0000000091a00000, 0x0000000091a00000|100%| S|CS|TAMS 0x0000000091900000, 0x0000000091900000| Complete 
| 282|0x0000000091a00000, 0x0000000091a00000, 0x0000000091b00000|  0%| F|  |TAMS 0x0000000091a00000, 0x0000000091a00000| Untracked 
| 283|0x0000000091b00000, 0x0000000091b00000, 0x0000000091c00000|  0%| F|  |TAMS 0x0000000091b00000, 0x0000000091b00000| Untracked 
| 284|0x0000000091c00000, 0x0000000091c00000, 0x0000000091d00000|  0%| F|  |TAMS 0x0000000091c00000, 0x0000000091c00000| Untracked 
| 285|0x0000000091d00000, 0x0000000091d00000, 0x0000000091e00000|  0%| F|  |TAMS 0x0000000091d00000, 0x0000000091d00000| Untracked 
| 286|0x0000000091e00000, 0x0000000091e00000, 0x0000000091f00000|  0%| F|  |TAMS 0x0000000091e00000, 0x0000000091e00000| Untracked 
| 287|0x0000000091f00000, 0x0000000091f00000, 0x0000000092000000|  0%| F|  |TAMS 0x0000000091f00000, 0x0000000091f00000| Untracked 
| 288|0x0000000092000000, 0x0000000092000000, 0x0000000092100000|  0%| F|  |TAMS 0x0000000092000000, 0x0000000092000000| Untracked 
| 289|0x0000000092100000, 0x0000000092100000, 0x0000000092200000|  0%| F|  |TAMS 0x0000000092100000, 0x0000000092100000| Untracked 
| 290|0x0000000092200000, 0x0000000092200000, 0x0000000092300000|  0%| F|  |TAMS 0x0000000092200000, 0x0000000092200000| Untracked 

Card table byte_map: [0x00000208b2ae0000,0x00000208b2ee0000] _byte_map_base: 0x00000208b26e0000

Marking Bits (Prev, Next): (CMBitMap*) 0x000002089fc3f538, (CMBitMap*) 0x000002089fc3f570
 Prev Bits: [0x00000208b32e0000, 0x00000208b52e0000)
 Next Bits: [0x00000208b52e0000, 0x00000208b72e0000)

Polling page: 0x000002089da10000

Metaspace:

Usage:
  Non-class:     98.48 MB capacity,    96.67 MB ( 98%) used,     1.45 MB (  1%) free+waste,   366.31 KB ( <1%) overhead. 
      Class:     15.44 MB capacity,    14.32 MB ( 93%) used,   981.05 KB (  6%) free+waste,   165.13 KB (  1%) overhead. 
       Both:    113.92 MB capacity,   111.00 MB ( 97%) used,     2.41 MB (  2%) free+waste,   531.44 KB ( <1%) overhead. 

Virtual space:
  Non-class space:      100.00 MB reserved,      98.50 MB ( 99%) committed 
      Class space:        1.00 GB reserved,      15.50 MB (  2%) committed 
             Both:        1.10 GB reserved,     114.00 MB ( 10%) committed 

Chunk freelists:
   Non-Class:  20.00 KB
       Class:  59.00 KB
        Both:  79.00 KB

MaxMetaspaceSize: 17179869184.00 GB
CompressedClassSpaceSize: 1.00 GB

CodeHeap 'non-profiled nmethods': size=120064Kb used=10851Kb max_used=11031Kb free=109212Kb
 bounds [0x00000208ab1a0000, 0x00000208abc80000, 0x00000208b26e0000]
CodeHeap 'profiled nmethods': size=120000Kb used=35308Kb max_used=35416Kb free=84691Kb
 bounds [0x00000208a3c70000, 0x00000208a5fc0000, 0x00000208ab1a0000]
CodeHeap 'non-nmethods': size=5696Kb used=2366Kb max_used=2429Kb free=3329Kb
 bounds [0x00000208a36e0000, 0x00000208a3950000, 0x00000208a3c70000]
 total_blobs=16850 nmethods=15854 adapters=906
 compilation: enabled
              stopped_count=0, restarted_count=0
 full_count=0

Compilation events (20 events):
Event: 156.534 Thread 0x00000208ba178000 nmethod 16784 0x00000208a3f54190 code [0x00000208a3f543c0, 0x00000208a3f54bf8]
Event: 156.535 Thread 0x00000208babec000 nmethod 16785 0x00000208ab318d90 code [0x00000208ab318f40, 0x00000208ab319038]
Event: 156.535 Thread 0x00000208babec000 16787 %     4       java.util.TimSort::mergeHi @ 191 (732 bytes)
Event: 156.543 Thread 0x00000208ba176000 nmethod 16783 0x00000208ab334890 code [0x00000208ab334aa0, 0x00000208ab335628]
Event: 156.543 Thread 0x00000208ba176000 16786       4       com.android.tools.r8.internal.fu$f::hasNext (13 bytes)
Event: 156.543 Thread 0x00000208ba176000 nmethod 16786 0x00000208ab318b10 code [0x00000208ab318ca0, 0x00000208ab318d18]
Event: 156.543 Thread 0x00000208ba176000 16788       4       com.android.tools.r8.internal.r7$$Lambda$1759/0x0000000100f1fc40::apply (13 bytes)
Event: 156.544 Thread 0x00000208ba176000 nmethod 16788 0x00000208ab318710 code [0x00000208ab3188a0, 0x00000208ab318978]
Event: 156.544 Thread 0x00000208ba178000 16789       3       com.android.tools.r8.internal.Wj::a (17 bytes)
Event: 156.544 Thread 0x00000208ba176000 16793       4       com.android.tools.r8.internal.mp::a (368 bytes)
Event: 156.544 Thread 0x00000208ba178000 nmethod 16789 0x00000208a3f5e710 code [0x00000208a3f5e940, 0x00000208a3f5ef68]
Event: 156.544 Thread 0x00000208ba178000 16790       3       com.android.tools.r8.internal.r7$$Lambda$1760/0x0000000100edb440::accept (12 bytes)
Event: 156.544 Thread 0x00000208ba178000 nmethod 16790 0x00000208a3f82390 code [0x00000208a3f825e0, 0x00000208a3f82eb8]
Event: 156.544 Thread 0x00000208ba178000 16791       3       com.android.tools.r8.internal.r7::a (25 bytes)
Event: 156.545 Thread 0x00000208ba178000 nmethod 16791 0x00000208a3f9b810 code [0x00000208a3f9ba80, 0x00000208a3f9c3a8]
Event: 156.545 Thread 0x00000208ba178000 16792       3       com.android.tools.r8.internal.fu$d::getLongValue (13 bytes)
Event: 156.545 Thread 0x00000208ba178000 nmethod 16792 0x00000208a3f5cc90 code [0x00000208a3f5ce40, 0x00000208a3f5cf78]
Event: 156.547 Thread 0x00000208ba178000 16798       3       java.io.StringWriter::write (11 bytes)
Event: 156.547 Thread 0x00000208ba178000 nmethod 16798 0x00000208a3f60610 code [0x00000208a3f607e0, 0x00000208a3f60b48]
Event: 156.547 Thread 0x00000208ba178000 16801       3       com.android.tools.r8.internal.UF::a (265 bytes)

GC Heap History (20 events):
Event: 154.545 GC heap after
{Heap after GC invocations=65 (full 0):
 garbage-first heap   total 165888K, used 151132K [0x0000000080000000, 0x0000000100000000)
  region size 1024K, 1 young (1024K), 1 survivors (1024K)
 Metaspace       used 112623K, capacity 115541K, committed 115840K, reserved 1148928K
  class space    used 14508K, capacity 15625K, committed 15744K, reserved 1048576K
}
Event: 154.856 GC heap before
{Heap before GC invocations=66 (full 0):
 garbage-first heap   total 165888K, used 157276K [0x0000000080000000, 0x0000000100000000)
  region size 1024K, 8 young (8192K), 1 survivors (1024K)
 Metaspace       used 113345K, capacity 116314K, committed 116480K, reserved 1150976K
  class space    used 14668K, capacity 15794K, committed 15872K, reserved 1048576K
}
Event: 154.863 GC heap after
{Heap after GC invocations=67 (full 0):
 garbage-first heap   total 165888K, used 155021K [0x0000000080000000, 0x0000000100000000)
  region size 1024K, 1 young (1024K), 1 survivors (1024K)
 Metaspace       used 113345K, capacity 116314K, committed 116480K, reserved 1150976K
  class space    used 14668K, capacity 15794K, committed 15872K, reserved 1048576K
}
Event: 154.920 GC heap before
{Heap before GC invocations=67 (full 0):
 garbage-first heap   total 165888K, used 162189K [0x0000000080000000, 0x0000000100000000)
  region size 1024K, 8 young (8192K), 1 survivors (1024K)
 Metaspace       used 113383K, capacity 116380K, committed 116480K, reserved 1150976K
  class space    used 14668K, capacity 15794K, committed 15872K, reserved 1048576K
}
Event: 154.982 GC heap after
{Heap after GC invocations=68 (full 0):
 garbage-first heap   total 169984K, used 146272K [0x0000000080000000, 0x0000000100000000)
  region size 1024K, 1 young (1024K), 1 survivors (1024K)
 Metaspace       used 113383K, capacity 116380K, committed 116480K, reserved 1150976K
  class space    used 14668K, capacity 15794K, committed 15872K, reserved 1048576K
}
Event: 155.099 GC heap before
{Heap before GC invocations=68 (full 0):
 garbage-first heap   total 169984K, used 153440K [0x0000000080000000, 0x0000000100000000)
  region size 1024K, 8 young (8192K), 1 survivors (1024K)
 Metaspace       used 113391K, capacity 116380K, committed 116480K, reserved 1150976K
  class space    used 14668K, capacity 15794K, committed 15872K, reserved 1048576K
}
Event: 155.112 GC heap after
{Heap after GC invocations=69 (full 0):
 garbage-first heap   total 169984K, used 150463K [0x0000000080000000, 0x0000000100000000)
  region size 1024K, 1 young (1024K), 1 survivors (1024K)
 Metaspace       used 113391K, capacity 116380K, committed 116480K, reserved 1150976K
  class space    used 14668K, capacity 15794K, committed 15872K, reserved 1048576K
}
Event: 155.163 GC heap before
{Heap before GC invocations=69 (full 0):
 garbage-first heap   total 169984K, used 157631K [0x0000000080000000, 0x0000000100000000)
  region size 1024K, 8 young (8192K), 1 survivors (1024K)
 Metaspace       used 113403K, capacity 116381K, committed 116480K, reserved 1150976K
  class space    used 14668K, capacity 15794K, committed 15872K, reserved 1048576K
}
Event: 155.167 GC heap after
{Heap after GC invocations=70 (full 0):
 garbage-first heap   total 169984K, used 154586K [0x0000000080000000, 0x0000000100000000)
  region size 1024K, 1 young (1024K), 1 survivors (1024K)
 Metaspace       used 113403K, capacity 116381K, committed 116480K, reserved 1150976K
  class space    used 14668K, capacity 15794K, committed 15872K, reserved 1048576K
}
Event: 155.253 GC heap before
{Heap before GC invocations=70 (full 0):
 garbage-first heap   total 169984K, used 161754K [0x0000000080000000, 0x0000000100000000)
  region size 1024K, 8 young (8192K), 1 survivors (1024K)
 Metaspace       used 113418K, capacity 116382K, committed 116480K, reserved 1150976K
  class space    used 14668K, capacity 15794K, committed 15872K, reserved 1048576K
}
Event: 155.263 GC heap after
{Heap after GC invocations=71 (full 0):
 garbage-first heap   total 169984K, used 158720K [0x0000000080000000, 0x0000000100000000)
  region size 1024K, 1 young (1024K), 1 survivors (1024K)
 Metaspace       used 113418K, capacity 116382K, committed 116480K, reserved 1150976K
  class space    used 14668K, capacity 15794K, committed 15872K, reserved 1048576K
}
Event: 155.331 GC heap before
{Heap before GC invocations=71 (full 0):
 garbage-first heap   total 169984K, used 165888K [0x0000000080000000, 0x0000000100000000)
  region size 1024K, 8 young (8192K), 1 survivors (1024K)
 Metaspace       used 113468K, capacity 116446K, committed 116736K, reserved 1150976K
  class space    used 14668K, capacity 15794K, committed 15872K, reserved 1048576K
}
Event: 155.412 GC heap after
{Heap after GC invocations=72 (full 0):
 garbage-first heap   total 297984K, used 162982K [0x0000000080000000, 0x0000000100000000)
  region size 1024K, 1 young (1024K), 1 survivors (1024K)
 Metaspace       used 113468K, capacity 116446K, committed 116736K, reserved 1150976K
  class space    used 14668K, capacity 15794K, committed 15872K, reserved 1048576K
}
Event: 155.670 GC heap before
{Heap before GC invocations=73 (full 0):
 garbage-first heap   total 297984K, used 182438K [0x0000000080000000, 0x0000000100000000)
  region size 1024K, 21 young (21504K), 1 survivors (1024K)
 Metaspace       used 113443K, capacity 116401K, committed 116736K, reserved 1150976K
  class space    used 14660K, capacity 15778K, committed 15872K, reserved 1048576K
}
Event: 155.690 GC heap after
{Heap after GC invocations=74 (full 0):
 garbage-first heap   total 297984K, used 174264K [0x0000000080000000, 0x0000000100000000)
  region size 1024K, 5 young (5120K), 5 survivors (5120K)
 Metaspace       used 113443K, capacity 116401K, committed 116736K, reserved 1150976K
  class space    used 14660K, capacity 15778K, committed 15872K, reserved 1048576K
}
Event: 156.145 GC heap before
{Heap before GC invocations=74 (full 0):
 garbage-first heap   total 297984K, used 211128K [0x0000000080000000, 0x0000000100000000)
  region size 1024K, 38 young (38912K), 5 survivors (5120K)
 Metaspace       used 113585K, capacity 116590K, committed 116736K, reserved 1150976K
  class space    used 14666K, capacity 15813K, committed 15872K, reserved 1048576K
}
Event: 156.176 GC heap after
{Heap after GC invocations=75 (full 0):
 garbage-first heap   total 297984K, used 186673K [0x0000000080000000, 0x0000000100000000)
  region size 1024K, 5 young (5120K), 5 survivors (5120K)
 Metaspace       used 113585K, capacity 116590K, committed 116736K, reserved 1150976K
  class space    used 14666K, capacity 15813K, committed 15872K, reserved 1048576K
}
Event: 156.435 GC heap before
{Heap before GC invocations=76 (full 0):
 garbage-first heap   total 297984K, used 218417K [0x0000000080000000, 0x0000000100000000)
  region size 1024K, 36 young (36864K), 5 survivors (5120K)
 Metaspace       used 113634K, capacity 116655K, committed 116736K, reserved 1150976K
  class space    used 14666K, capacity 15813K, committed 15872K, reserved 1048576K
}
Event: 156.464 GC heap after
{Heap after GC invocations=77 (full 0):
 garbage-first heap   total 297984K, used 198063K [0x0000000080000000, 0x0000000100000000)
  region size 1024K, 5 young (5120K), 5 survivors (5120K)
 Metaspace       used 113634K, capacity 116655K, committed 116736K, reserved 1150976K
  class space    used 14666K, capacity 15813K, committed 15872K, reserved 1048576K
}
Event: 156.549 GC heap before
{Heap before GC invocations=77 (full 0):
 garbage-first heap   total 297984K, used 213423K [0x0000000080000000, 0x0000000100000000)
  region size 1024K, 14 young (14336K), 5 survivors (5120K)
 Metaspace       used 113659K, capacity 116657K, committed 116736K, reserved 1150976K
  class space    used 14666K, capacity 15813K, committed 15872K, reserved 1048576K
}

Deoptimization events (20 events):
Event: 156.095 Thread 0x00000208c3e6c000 Uncommon trap: trap_request=0xffffff4d fr.pc=0x00000208abbb6588 relative=0x0000000000000068
Event: 156.095 Thread 0x00000208c3e6c000 Uncommon trap: reason=unstable_if action=reinterpret pc=0x00000208abbb6588 method=com.android.tools.r8.internal.Fq.a(Lcom/android/tools/r8/graph/c0;)Lcom/android/tools/r8/internal/Fq; @ 18 c2
Event: 156.095 Thread 0x00000208c3e6c000 DEOPT PACKING pc=0x00000208abbb6588 sp=0x0000000a594fdce0
Event: 156.095 Thread 0x00000208c3e6c000 DEOPT UNPACKING pc=0x00000208a37078af sp=0x0000000a594fdc70 mode 2
Event: 156.145 Thread 0x00000208c0427000 DEOPT PACKING pc=0x00000208a3e39415 sp=0x0000000a598fef60
Event: 156.145 Thread 0x00000208c0427000 DEOPT UNPACKING pc=0x00000208a37076ce sp=0x0000000a598fe420 mode 0
Event: 156.311 Thread 0x00000208c3e6c000 DEOPT PACKING pc=0x00000208a3edd8ea sp=0x0000000a594fd6a0
Event: 156.311 Thread 0x00000208c3e6c000 DEOPT UNPACKING pc=0x00000208a37076ce sp=0x0000000a594fcb38 mode 0
Event: 156.396 Thread 0x00000208c3e6c000 Uncommon trap: trap_request=0xffffffcc fr.pc=0x00000208ab2fd318 relative=0x0000000000000158
Event: 156.396 Thread 0x00000208c3e6c000 Uncommon trap: reason=intrinsic_or_type_checked_inlining action=make_not_entrant pc=0x00000208ab2fd318 method=java.util.stream.SpinedBuffer.copyInto([Ljava/lang/Object;I)V @ 51 c2
Event: 156.396 Thread 0x00000208c3e6c000 DEOPT PACKING pc=0x00000208ab2fd318 sp=0x0000000a594fd5a0
Event: 156.396 Thread 0x00000208c3e6c000 DEOPT UNPACKING pc=0x00000208a37078af sp=0x0000000a594fd530 mode 2
Event: 156.409 Thread 0x00000208c3e6c000 Uncommon trap: trap_request=0xffffffcc fr.pc=0x00000208ab2f9d7c relative=0x00000000000003bc
Event: 156.409 Thread 0x00000208c3e6c000 Uncommon trap: reason=intrinsic_or_type_checked_inlining action=make_not_entrant pc=0x00000208ab2f9d7c method=java.util.stream.SpinedBuffer.copyInto([Ljava/lang/Object;I)V @ 87 c2
Event: 156.409 Thread 0x00000208c3e6c000 DEOPT PACKING pc=0x00000208ab2f9d7c sp=0x0000000a594fd660
Event: 156.409 Thread 0x00000208c3e6c000 DEOPT UNPACKING pc=0x00000208a37078af sp=0x0000000a594fd5f0 mode 2
Event: 156.414 Thread 0x00000208c3e6c000 Uncommon trap: trap_request=0xffffffcc fr.pc=0x00000208ab2f8aa0 relative=0x0000000000000460
Event: 156.415 Thread 0x00000208c3e6c000 Uncommon trap: reason=intrinsic_or_type_checked_inlining action=make_not_entrant pc=0x00000208ab2f8aa0 method=java.util.stream.SpinedBuffer.copyInto([Ljava/lang/Object;I)V @ 125 c2
Event: 156.415 Thread 0x00000208c3e6c000 DEOPT PACKING pc=0x00000208ab2f8aa0 sp=0x0000000a594fd590
Event: 156.415 Thread 0x00000208c3e6c000 DEOPT UNPACKING pc=0x00000208a37078af sp=0x0000000a594fd530 mode 2

Classes redefined (0 events):
No events

Internal exceptions (20 events):
Event: 149.217 Thread 0x00000208c3e64000 Exception <a 'java/lang/NoSuchMethodError'{0x00000000894bbca0}: 'void java.lang.invoke.DirectMethodHandle$Holder.invokeVirtual(java.lang.Object, java.lang.Object, int, java.lang.Object)'> (0x00000000894bbca0) thrown at [./src/hotspot/share/interpreter/linkResolver.cpp, line 773]
Event: 150.210 Thread 0x00000208c3e6c000 Implicit null exception at 0x00000208abb4f792 to 0x00000208abb4f98c
Event: 150.310 Thread 0x00000208c3e6c000 Implicit null exception at 0x00000208abb63676 to 0x00000208abb6383c
Event: 150.387 Thread 0x00000208c3e6c000 Exception <a 'java/lang/NoSuchMethodError'{0x000000008922c138}: 'java.lang.Object java.lang.invoke.DirectMethodHandle$Holder.invokeSpecial(java.lang.Object, java.lang.Object, java.lang.Object, java.lang.Object, java.lang.Object, java.lang.Object, java.lang.Object, java.lang.Object, java.lang.Object, java.lang.Object, java.lang.Object)'> (0x000000008922c138) thrown at [./src/hotspot/share/interpreter/linkResolver.cpp, line 773]
Event: 150.388 Thread 0x00000208c3e6c000 Exception <a 'java/lang/NoSuchMethodError'{0x00000000892375f0}: 'java.lang.Object java.lang.invoke.Invokers$Holder.linkToTargetMethod(java.lang.Object, java.lang.Object, java.lang.Object, java.lang.Object, java.lang.Object, java.lang.Object, java.lang.Object, java.lang.Object, java.lang.Object, java.lang.Object)'> (0x00000000892375f0) thrown at [./src/hotspot/share/interpreter/linkResolver.cpp, line 773]
Event: 150.530 Thread 0x00000208c3e67000 Exception <a 'java/lang/IncompatibleClassChangeError'{0x0000000088b21150}: Found class java.lang.Object, but interface was expected> (0x0000000088b21150) thrown at [./src/hotspot/share/interpreter/linkResolver.cpp, line 839]
Event: 150.564 Thread 0x00000208c3e67000 Exception <a 'java/lang/NoSuchMethodError'{0x0000000088bf4b40}: 'void java.lang.invoke.DirectMethodHandle$Holder.invokeSpecial(java.lang.Object, java.lang.Object, int, java.lang.Object, java.lang.Object, java.lang.Object, java.lang.Object)'> (0x0000000088bf4b40) thrown at [./src/hotspot/share/interpreter/linkResolver.cpp, line 773]
Event: 150.564 Thread 0x00000208c3e64000 Exception <a 'java/lang/NoSuchMethodError'{0x0000000088bff330}: 'void java.lang.invoke.DirectMethodHandle$Holder.invokeSpecial(java.lang.Object, java.lang.Object, int, java.lang.Object, java.lang.Object, java.lang.Object, java.lang.Object)'> (0x0000000088bff330) thrown at [./src/hotspot/share/interpreter/linkResolver.cpp, line 773]
Event: 150.565 Thread 0x00000208c3e67000 Exception <a 'java/lang/NoSuchMethodError'{0x0000000088a2a9d0}: 'java.lang.Object java.lang.invoke.Invokers$Holder.linkToTargetMethod(java.lang.Object, int, java.lang.Object, java.lang.Object, java.lang.Object, java.lang.Object)'> (0x0000000088a2a9d0) thrown at [./src/hotspot/share/interpreter/linkResolver.cpp, line 773]
Event: 150.565 Thread 0x00000208c3e67000 Exception <a 'java/lang/NoSuchMethodError'{0x0000000088a2e518}: 'void java.lang.invoke.DirectMethodHandle$Holder.invokeSpecial(java.lang.Object, java.lang.Object, java.lang.Object, java.lang.Object, java.lang.Object, java.lang.Object, java.lang.Object, java.lang.Object, java.lang.Object)'> (0x0000000088a2e518) thrown at [./src/hotspot/share/interpreter/linkResolver.cpp, line 773]
Event: 150.567 Thread 0x00000208c3e67000 Exception <a 'java/lang/NoSuchMethodError'{0x0000000088a45be8}: 'void java.lang.invoke.DirectMethodHandle$Holder.invokeStatic(java.lang.Object, java.lang.Object, java.lang.Object, java.lang.Object, java.lang.Object, java.lang.Object, java.lang.Object, java.lang.Object)'> (0x0000000088a45be8) thrown at [./src/hotspot/share/interpreter/linkResolver.cpp, line 773]
Event: 150.567 Thread 0x00000208c3e64000 Exception <a 'java/lang/NoSuchMethodError'{0x0000000088a041a8}: 'void java.lang.invoke.DirectMethodHandle$Holder.invokeStatic(java.lang.Object, java.lang.Object, java.lang.Object, java.lang.Object, java.lang.Object, java.lang.Object, java.lang.Object, java.lang.Object)'> (0x0000000088a041a8) thrown at [./src/hotspot/share/interpreter/linkResolver.cpp, line 773]
Event: 151.191 Thread 0x00000208c3e67000 Exception <a 'java/lang/IncompatibleClassChangeError'{0x00000000895ff428}: Found class java.lang.Object, but interface was expected> (0x00000000895ff428) thrown at [./src/hotspot/share/interpreter/linkResolver.cpp, line 839]
Event: 151.481 Thread 0x00000208c3e67000 Exception <a 'java/lang/NoSuchMethodError'{0x0000000088e6fd28}: 'void java.lang.invoke.DirectMethodHandle$Holder.invokeVirtual(java.lang.Object, java.lang.Object, int)'> (0x0000000088e6fd28) thrown at [./src/hotspot/share/interpreter/linkResolver.cpp, line 773]
Event: 151.482 Thread 0x00000208c3e64000 Exception <a 'java/lang/NoSuchMethodError'{0x0000000088e965d0}: 'void java.lang.invoke.DirectMethodHandle$Holder.invokeVirtual(java.lang.Object, java.lang.Object, int)'> (0x0000000088e965d0) thrown at [./src/hotspot/share/interpreter/linkResolver.cpp, line 773]
Event: 151.622 Thread 0x00000208c3e6c000 Exception <a 'sun/nio/fs/WindowsException'{0x0000000088c483a8}> (0x0000000088c483a8) thrown at [./src/hotspot/share/prims/jni.cpp, line 615]
Event: 151.624 Thread 0x00000208c3e6c000 Exception <a 'sun/nio/fs/WindowsException'{0x0000000088c52718}> (0x0000000088c52718) thrown at [./src/hotspot/share/prims/jni.cpp, line 615]
Event: 151.625 Thread 0x00000208c3e6c000 Exception <a 'sun/nio/fs/WindowsException'{0x0000000088cdccf8}> (0x0000000088cdccf8) thrown at [./src/hotspot/share/prims/jni.cpp, line 615]
Event: 151.638 Thread 0x00000208c3e6c000 Exception <a 'sun/nio/fs/WindowsException'{0x0000000088ce5c80}> (0x0000000088ce5c80) thrown at [./src/hotspot/share/prims/jni.cpp, line 615]
Event: 153.741 Thread 0x00000208c3e6c000 Exception <a 'sun/nio/fs/WindowsException'{0x00000000898f7848}> (0x00000000898f7848) thrown at [./src/hotspot/share/prims/jni.cpp, line 615]

Events (20 events):
Event: 155.992 Executing VM operation: RevokeBias done
Event: 155.993 Executing VM operation: RevokeBias
Event: 155.993 Executing VM operation: RevokeBias done
Event: 155.993 Executing VM operation: RevokeBias
Event: 155.993 Executing coalesced safepoint VM operation: RevokeBias
Event: 155.993 Executing coalesced safepoint VM operation: RevokeBias done
Event: 155.993 Executing coalesced safepoint VM operation: BulkRevokeBias
Event: 155.994 Executing coalesced safepoint VM operation: BulkRevokeBias done
Event: 155.994 Executing VM operation: RevokeBias done
Event: 156.002 Executing VM operation: CGC_Operation
Event: 156.018 Executing VM operation: CGC_Operation done
Event: 156.145 Executing VM operation: G1CollectForAllocation
Event: 156.176 Executing VM operation: G1CollectForAllocation done
Event: 156.219 Executing VM operation: CGC_Operation
Event: 156.221 Executing VM operation: CGC_Operation done
Event: 156.325 loading class com/android/tools/r8/graph/v0$a
Event: 156.325 loading class com/android/tools/r8/graph/v0$a done
Event: 156.435 Executing VM operation: G1CollectForAllocation
Event: 156.464 Executing VM operation: G1CollectForAllocation done
Event: 156.549 Executing VM operation: G1CollectForAllocation


Dynamic libraries:
0x00007ff7642d0000 - 0x00007ff7642da000 	C:\Program Files\Android\Android Studio\jre\bin\java.exe
0x00007ffdbe3c0000 - 0x00007ffdbe5a1000 	C:\WINDOWS\SYSTEM32\ntdll.dll
0x00007ffdbbfb0000 - 0x00007ffdbc061000 	C:\WINDOWS\System32\KERNEL32.DLL
0x00007ffdbab00000 - 0x00007ffdbad73000 	C:\WINDOWS\System32\KERNELBASE.dll
0x00007ffdbb730000 - 0x00007ffdbb828000 	C:\WINDOWS\System32\ucrtbase.dll
0x00007ffda52f0000 - 0x00007ffda5309000 	C:\Program Files\Android\Android Studio\jre\bin\jli.dll
0x00007ffdbd9b0000 - 0x00007ffdbdb41000 	C:\WINDOWS\System32\USER32.dll
0x00007ffdba7c0000 - 0x00007ffdba7e0000 	C:\WINDOWS\System32\win32u.dll
0x00007ffda74d0000 - 0x00007ffda7739000 	C:\WINDOWS\WinSxS\amd64_microsoft.windows.common-controls_6595b64144ccf1df_6.0.17134.1184_none_d403e8b37c8ca406\COMCTL32.dll
0x00007ffdbdd90000 - 0x00007ffdbddb8000 	C:\WINDOWS\System32\GDI32.dll
0x00007ffdbd910000 - 0x00007ffdbd9ae000 	C:\WINDOWS\System32\msvcrt.dll
0x00007ffdba880000 - 0x00007ffdbaa11000 	C:\WINDOWS\System32\gdi32full.dll
0x00007ffdba7e0000 - 0x00007ffdba87f000 	C:\WINDOWS\System32\msvcp_win.dll
0x00007ffdbb970000 - 0x00007ffdbbc91000 	C:\WINDOWS\System32\combase.dll
0x00007ffdbb830000 - 0x00007ffdbb954000 	C:\WINDOWS\System32\RPCRT4.dll
0x00007ffdbaa80000 - 0x00007ffdbaaf9000 	C:\WINDOWS\System32\bcryptPrimitives.dll
0x00007ffd974a0000 - 0x00007ffd974b7000 	C:\Program Files\Android\Android Studio\jre\bin\VCRUNTIME140.dll
0x00007ffdbe2a0000 - 0x00007ffdbe2cd000 	C:\WINDOWS\System32\IMM32.DLL
0x00007ffd8af80000 - 0x00007ffd8b01d000 	C:\Program Files\Android\Android Studio\jre\bin\msvcp140.dll
0x00007ffd5c610000 - 0x00007ffd5d0df000 	C:\Program Files\Android\Android Studio\jre\bin\server\jvm.dll
0x00007ffdbdc10000 - 0x00007ffdbdcb1000 	C:\WINDOWS\System32\ADVAPI32.dll
0x00007ffdbc290000 - 0x00007ffdbc2eb000 	C:\WINDOWS\System32\sechost.dll
0x00007ffdbe2d0000 - 0x00007ffdbe2d8000 	C:\WINDOWS\System32\PSAPI.DLL
0x00007ffdafb10000 - 0x00007ffdafb19000 	C:\WINDOWS\SYSTEM32\WSOCK32.dll
0x00007ffdb8530000 - 0x00007ffdb8553000 	C:\WINDOWS\SYSTEM32\WINMM.dll
0x00007ffdbe210000 - 0x00007ffdbe27c000 	C:\WINDOWS\System32\WS2_32.dll
0x00007ffdb1070000 - 0x00007ffdb107a000 	C:\WINDOWS\SYSTEM32\VERSION.dll
0x00007ffdb81c0000 - 0x00007ffdb81ea000 	C:\WINDOWS\SYSTEM32\WINMMBASE.dll
0x00007ffdba770000 - 0x00007ffdba7b9000 	C:\WINDOWS\System32\cfgmgr32.dll
0x00007ffdba750000 - 0x00007ffdba761000 	C:\WINDOWS\System32\kernel.appcore.dll
0x00007ffdafa50000 - 0x00007ffdafa61000 	C:\Program Files\Android\Android Studio\jre\bin\verify.dll
0x00007ffdac3d0000 - 0x00007ffdac599000 	C:\WINDOWS\SYSTEM32\DBGHELP.DLL
0x00007ffdac3a0000 - 0x00007ffdac3c9000 	C:\WINDOWS\SYSTEM32\dbgcore.DLL
0x00007ffdae9f0000 - 0x00007ffdaea19000 	C:\Program Files\Android\Android Studio\jre\bin\java.dll
0x00007ffdafb00000 - 0x00007ffdafb0b000 	C:\Program Files\Android\Android Studio\jre\bin\jimage.dll
0x00007ffdaea30000 - 0x00007ffdaea48000 	C:\Program Files\Android\Android Studio\jre\bin\zip.dll
0x00007ffdbc2f0000 - 0x00007ffdbd735000 	C:\WINDOWS\System32\SHELL32.dll
0x00007ffdbe2e0000 - 0x00007ffdbe389000 	C:\WINDOWS\System32\shcore.dll
0x00007ffdbb020000 - 0x00007ffdbb730000 	C:\WINDOWS\System32\windows.storage.dll
0x00007ffdbdbb0000 - 0x00007ffdbdc01000 	C:\WINDOWS\System32\shlwapi.dll
0x00007ffdba720000 - 0x00007ffdba73f000 	C:\WINDOWS\System32\profapi.dll
0x00007ffdba6d0000 - 0x00007ffdba71c000 	C:\WINDOWS\System32\powrprof.dll
0x00007ffdba740000 - 0x00007ffdba74a000 	C:\WINDOWS\System32\FLTLIB.DLL
0x00007ffda67c0000 - 0x00007ffda67da000 	C:\Program Files\Android\Android Studio\jre\bin\net.dll
0x00007ffdb5cb0000 - 0x00007ffdb5d8d000 	C:\WINDOWS\SYSTEM32\WINHTTP.dll
0x00007ffdb9f30000 - 0x00007ffdb9f96000 	C:\WINDOWS\system32\mswsock.dll
0x00007ffda6510000 - 0x00007ffda6524000 	C:\Program Files\Android\Android Studio\jre\bin\nio.dll
0x00007ffda5a10000 - 0x00007ffda5a37000 	D:\.android\.gradle\native\8bec1ad78214c89d9ad589b4d07fe93259594b29d510b10fafb7a158f7737e5d\windows-amd64\native-platform.dll
0x00007ffd80170000 - 0x00007ffd802ad000 	D:\.android\.gradle\native\53dbd7edfb1c66fb8903c78663c9afc45aea4f116125fa6feffd364cf09443e8\windows-amd64\native-platform-file-events.dll
0x00007ffdae9e0000 - 0x00007ffdae9ea000 	C:\Program Files\Android\Android Studio\jre\bin\management.dll
0x00007ffda7920000 - 0x00007ffda792c000 	C:\Program Files\Android\Android Studio\jre\bin\management_ext.dll
0x00007ffdba0e0000 - 0x00007ffdba0f7000 	C:\WINDOWS\SYSTEM32\CRYPTSP.dll
0x00007ffdb9ae0000 - 0x00007ffdb9b13000 	C:\WINDOWS\system32\rsaenh.dll
0x00007ffdba210000 - 0x00007ffdba235000 	C:\WINDOWS\SYSTEM32\bcrypt.dll
0x00007ffdba5b0000 - 0x00007ffdba5d8000 	C:\WINDOWS\SYSTEM32\USERENV.dll
0x00007ffdba100000 - 0x00007ffdba10b000 	C:\WINDOWS\SYSTEM32\CRYPTBASE.dll
0x00007ffdb9c80000 - 0x00007ffdb9cb8000 	C:\WINDOWS\SYSTEM32\IPHLPAPI.DLL
0x00007ffdbb960000 - 0x00007ffdbb968000 	C:\WINDOWS\System32\NSI.dll
0x00007ffdaf910000 - 0x00007ffdaf926000 	C:\WINDOWS\SYSTEM32\dhcpcsvc6.DLL
0x00007ffdaf8f0000 - 0x00007ffdaf90a000 	C:\WINDOWS\SYSTEM32\dhcpcsvc.DLL
0x00007ffda6230000 - 0x00007ffda624e000 	C:\Users\Aluno\AppData\Local\Temp\native-platform7059953955416864888dir\native-platform.dll
0x00007ffdaee90000 - 0x00007ffdaee98000 	C:\Program Files\Android\Android Studio\jre\bin\rmi.dll

dbghelp: loaded successfully - version: 4.0.5 - missing functions: none
symbol engine: initialized successfully - sym options: 0x614 - pdb path: .;C:\Program Files\Android\Android Studio\jre\bin;C:\WINDOWS\SYSTEM32;C:\WINDOWS\WinSxS\amd64_microsoft.windows.common-controls_6595b64144ccf1df_6.0.17134.1184_none_d403e8b37c8ca406;C:\Program Files\Android\Android Studio\jre\bin\server;D:\.android\.gradle\native\8bec1ad78214c89d9ad589b4d07fe93259594b29d510b10fafb7a158f7737e5d\windows-amd64;D:\.android\.gradle\native\53dbd7edfb1c66fb8903c78663c9afc45aea4f116125fa6feffd364cf09443e8\windows-amd64;C:\Users\Aluno\AppData\Local\Temp\native-platform7059953955416864888dir

VM Arguments:
jvm_args: --add-opens=java.base/java.util=ALL-UNNAMED --add-opens=java.base/java.lang=ALL-UNNAMED --add-opens=java.base/java.lang.invoke=ALL-UNNAMED --add-opens=java.base/java.util=ALL-UNNAMED --add-opens=java.prefs/java.util.prefs=ALL-UNNAMED --add-opens=java.prefs/java.util.prefs=ALL-UNNAMED --add-opens=java.base/java.nio.charset=ALL-UNNAMED --add-opens=java.base/java.net=ALL-UNNAMED --add-opens=java.base/java.util.concurrent.atomic=ALL-UNNAMED -Xmx2048m -Dfile.encoding=UTF-8 -Duser.country=BR -Duser.language=pt -Duser.variant 
java_command: org.gradle.launcher.daemon.bootstrap.GradleDaemon 7.0.2
java_class_path (initial): D:\.android\.gradle\wrapper\dists\gradle-7.0.2-bin\857tjihv64xamwrf0h14cai3r\gradle-7.0.2\lib\gradle-launcher-7.0.2.jar
Launcher Type: SUN_STANDARD

[Global flags]
     intx CICompilerCount                          = 3                                         {product} {ergonomic}
     uint ConcGCThreads                            = 1                                         {product} {ergonomic}
     uint G1ConcRefinementThreads                  = 4                                         {product} {ergonomic}
   size_t G1HeapRegionSize                         = 1048576                                   {product} {ergonomic}
    uintx GCDrainStackTargetSize                   = 64                                        {product} {ergonomic}
   size_t InitialHeapSize                          = 134217728                                 {product} {ergonomic}
   size_t MarkStackSize                            = 4194304                                   {product} {ergonomic}
   size_t MaxHeapSize                              = 2147483648                                {product} {command line}
   size_t MaxNewSize                               = 1287651328                                {product} {ergonomic}
   size_t MinHeapDeltaBytes                        = 1048576                                   {product} {ergonomic}
    uintx NonNMethodCodeHeapSize                   = 5830732                                {pd product} {ergonomic}
    uintx NonProfiledCodeHeapSize                  = 122913754                              {pd product} {ergonomic}
    uintx ProfiledCodeHeapSize                     = 122913754                              {pd product} {ergonomic}
    uintx ReservedCodeCacheSize                    = 251658240                              {pd product} {ergonomic}
     bool SegmentedCodeCache                       = true                                      {product} {ergonomic}
     bool UseCompressedClassPointers               = true                                 {lp64_product} {ergonomic}
     bool UseCompressedOops                        = true                                 {lp64_product} {ergonomic}
     bool UseG1GC                                  = true                                      {product} {ergonomic}
     bool UseLargePagesIndividualAllocation        = false                                  {pd product} {ergonomic}

Logging:
Log output configuration:
 #0: stdout all=warning uptime,level,tags
 #1: stderr all=off uptime,level,tags

Environment Variables:
JAVA_HOME=C:\Program Files (x86)\Java\jdk1.8.0_172
PATH=C:\Program Files\Eclipse Foundation\jdk-8.0.302.8-hotspot\bin;C:\Program Files (x86)\Common Files\Oracle\Java\javapath;C:\ProgramData\Oracle\Java\javapath;C:\WINDOWS\system32;C:\WINDOWS;C:\WINDOWS\System32\Wbem;C:\WINDOWS\System32\WindowsPowerShell\v1.0\;C:\Program Files\TortoiseSVN\bin;C:\Program Files (x86)\Microsoft SQL Server\130\Tools\Binn\;C:\Program Files\Microsoft SQL Server\130\Tools\Binn\;C:\Program Files (x86)\Microsoft SQL Server\130\DTS\Binn\;C:\Program Files\Microsoft SQL Server\130\DTS\Binn\;C:\Program Files\Microsoft SQL Server\Client SDK\ODBC\130\Tools\Binn\;C:\Program Files (x86)\Microsoft SQL Server\Client SDK\ODBC\130\Tools\Binn\;C:\Program Files (x86)\Microsoft SQL Server\140\Tools\Binn\;C:\Program Files (x86)\Microsoft SQL Server\140\DTS\Binn\;C:\Program Files (x86)\Microsoft SQL Server\140\Tools\Binn\ManagementStudio\;C:\Program Files\dotnet\;C:\WINDOWS\System32\OpenSSH\;C:\Program Files\Git\cmd;C:\Program Files\Microsoft SQL Server\Client SDK\ODBC\170\Tools\Binn\;C:\Program Files\nodejs\;C:\Program Files\Microsoft VS Code\bin;C:\Users\Aluno\AppData\Local\Microsoft\WindowsApps;C:\Users\Aluno\AppData\Local\Programs\Microsoft VS Code\bin;C:\Users\Aluno\AppData\Roaming\npm;C:\Users\Aluno\.dotnet\tools
USERNAME=Aluno
OS=Windows_NT
PROCESSOR_IDENTIFIER=Intel64 Family 6 Model 158 Stepping 9, GenuineIntel



---------------  S Y S T E M  ---------------

OS: Windows 10 , 64 bit Build 17134 (10.0.17134.753)
OS uptime: 0 days 2:59 hours

CPU:total 4 (initial active 4) (4 cores per cpu, 1 threads per core) family 6 model 158 stepping 9 microcode 0x8e, cmov, cx8, fxsr, mmx, sse, sse2, sse3, ssse3, sse4.1, sse4.2, popcnt, avx, avx2, aes, clmul, erms, rtm, 3dnowpref, lzcnt, tsc, tscinvbit, bmi1, bmi2, adx, fma

Memory: 4k page, system-wide physical 8099M (493M free)
TotalPageFile size 10363M (AvailPageFile size 251M)
current process WorkingSet (physical memory assigned to process): 371M, peak: 512M
current process commit charge ("private bytes"): 606M, peak: 1230M

vm_info: OpenJDK 64-Bit Server VM (11.0.10+0-b96-7249189) for windows-amd64 JRE (11.0.10+0-b96-7249189), built on Mar 31 2021 21:44:00 by "builder" with MS VC++ 14.0 (VS2015)

END.
